--------
Total Statistics
--------
Total Instructions: 2098852965
Total Cycles: 8368567786
IPC: 0.250802

--------
Single level Tlb hierarchy
--------
  Data Tlb:
    Entries:          64
    Page Size(B):   4096
    Associativity:      4

Latencies:    0  150
Tlb-Sets:   16 - LRU - assoc:   4

Tlb Stats:
Tlb-Load-Hits:         563006539   94.13%
Tlb-Load-Misses:        35106831    5.87%
Tlb-Load-Accesses:     598113370  100.00%

Tlb-Store-Hits:         126178948   99.67%
Tlb-Store-Misses:          421503    0.33%
Tlb-Store-Accesses:     126600451  100.00%

Tlb-Total-Hits:         689185487   95.10%
Tlb-Total-Misses:        35528334    4.90%
Tlb-Total-Accesses:     724713821  100.00%



--------
Two level Cache hierarchy
--------
  L1-Data Cache:
    Size(KB):          32
    Block Size(B):     64
    Associativity:      8

  L2-Data Cache:
    Size(KB):        1024
    Block Size(B):    256
    Associativity:      8

Latencies:    1   10  250
L1-Sets:   64 - LRU - assoc:   8
L2-Sets:  512 - LRU - assoc:   8
Store_allocation: Yes
L2_inclusive: Yes
L2_prefetching: No

L1 Cache Stats:
L1-Load-Hits:         594986358   99.48%
L1-Load-Misses:         3127012    0.52%
L1-Load-Accesses:     598113370  100.00%

L1-Store-Hits:         126076298   99.59%
L1-Store-Misses:          524153    0.41%
L1-Store-Accesses:     126600451  100.00%

L1-Total-Hits:         721062656   99.50%
L1-Total-Misses:         3651165    0.50%
L1-Total-Accesses:     724713821  100.00%

L2 Cache Stats:
L2-Load-Hits:           2512563   80.35%
L2-Load-Misses:          614449   19.65%
L2-Load-Accesses:       3127012  100.00%

L2-Store-Hits:            421645   80.44%
L2-Store-Misses:          102508   19.56%
L2-Store-Accesses:        524153  100.00%

L2-Total-Hits:           2934208   80.36%
L2-Total-Misses:          716957   19.64%
L2-Total-Accesses:       3651165  100.00%

