--------
Total Statistics
--------
Total Instructions: 2098852965
Total Cycles: 8368504416
IPC: 0.250804

--------
Single level Tlb hierarchy
--------
  Data Tlb:
    Entries:          64
    Page Size(B):   4096
    Associativity:      4

Latencies:    0  150
Tlb-Sets:   16 - LRU - assoc:   4

Tlb Stats:
Tlb-Load-Hits:         563006539   94.13%
Tlb-Load-Misses:        35106831    5.87%
Tlb-Load-Accesses:     598113370  100.00%

Tlb-Store-Hits:         126178948   99.67%
Tlb-Store-Misses:          421503    0.33%
Tlb-Store-Accesses:     126600451  100.00%

Tlb-Total-Hits:         689185487   95.10%
Tlb-Total-Misses:        35528334    4.90%
Tlb-Total-Accesses:     724713821  100.00%



--------
Two level Cache hierarchy
--------
  L1-Data Cache:
    Size(KB):          32
    Block Size(B):     64
    Associativity:      8

  L2-Data Cache:
    Size(KB):        1024
    Block Size(B):    256
    Associativity:     16

Latencies:    1   10  250
L1-Sets:   64 - LRU - assoc:   8
L2-Sets:  256 - LRU - assoc:  16
Store_allocation: Yes
L2_inclusive: Yes
L2_prefetching: No

L1 Cache Stats:
L1-Load-Hits:         594980213   99.48%
L1-Load-Misses:         3133157    0.52%
L1-Load-Accesses:     598113370  100.00%

L1-Store-Hits:         126088805   99.60%
L1-Store-Misses:          511646    0.40%
L1-Store-Accesses:     126600451  100.00%

L1-Total-Hits:         721069018   99.50%
L1-Total-Misses:         3644803    0.50%
L1-Total-Accesses:     724713821  100.00%

L2 Cache Stats:
L2-Load-Hits:           2518707   80.39%
L2-Load-Misses:          614450   19.61%
L2-Load-Accesses:       3133157  100.00%

L2-Store-Hits:            409138   79.97%
L2-Store-Misses:          102508   20.03%
L2-Store-Accesses:        511646  100.00%

L2-Total-Hits:           2927845   80.33%
L2-Total-Misses:          716958   19.67%
L2-Total-Accesses:       3644803  100.00%

