--------
Total Statistics
--------
Total Instructions: 2098852965
Total Cycles: 8899324386
IPC: 0.235844

--------
Single level Tlb hierarchy
--------
  Data Tlb:
    Entries:          64
    Page Size(B):   4096
    Associativity:      4

Latencies:    0  150
Tlb-Sets:   16 - LRU - assoc:   4

Tlb Stats:
Tlb-Load-Hits:         563006539   94.13%
Tlb-Load-Misses:        35106831    5.87%
Tlb-Load-Accesses:     598113370  100.00%

Tlb-Store-Hits:         126178948   99.67%
Tlb-Store-Misses:          421503    0.33%
Tlb-Store-Accesses:     126600451  100.00%

Tlb-Total-Hits:         689185487   95.10%
Tlb-Total-Misses:        35528334    4.90%
Tlb-Total-Accesses:     724713821  100.00%



--------
Two level Cache hierarchy
--------
  L1-Data Cache:
    Size(KB):          32
    Block Size(B):     64
    Associativity:      8

  L2-Data Cache:
    Size(KB):        1024
    Block Size(B):     64
    Associativity:     16

Latencies:    1   10  250
L1-Sets:   64 - LRU - assoc:   8
L2-Sets: 1024 - LRU - assoc:  16
Store_allocation: Yes
L2_inclusive: Yes
L2_prefetching: No

L1 Cache Stats:
L1-Load-Hits:         595641619   99.59%
L1-Load-Misses:         2471751    0.41%
L1-Load-Accesses:     598113370  100.00%

L1-Store-Hits:         126190252   99.68%
L1-Store-Misses:          410199    0.32%
L1-Store-Accesses:     126600451  100.00%

L1-Total-Hits:         721831871   99.60%
L1-Total-Misses:         2881950    0.40%
L1-Total-Accesses:     724713821  100.00%

L2 Cache Stats:
L2-Load-Hits:             11198    0.45%
L2-Load-Misses:         2460553   99.55%
L2-Load-Accesses:       2471751  100.00%

L2-Store-Hits:                 0    0.00%
L2-Store-Misses:          410199  100.00%
L2-Store-Accesses:        410199  100.00%

L2-Total-Hits:             11198    0.39%
L2-Total-Misses:         2870752   99.61%
L2-Total-Accesses:       2881950  100.00%

