--------
Total Statistics
--------
Total Instructions: 2098852965
Total Cycles: 8554517156
IPC: 0.24535

--------
Single level Tlb hierarchy
--------
  Data Tlb:
    Entries:          64
    Page Size(B):   4096
    Associativity:      4

Latencies:    0  150
Tlb-Sets:   16 - LRU - assoc:   4

Tlb Stats:
Tlb-Load-Hits:         563006539   94.13%
Tlb-Load-Misses:        35106831    5.87%
Tlb-Load-Accesses:     598113370  100.00%

Tlb-Store-Hits:         126178948   99.67%
Tlb-Store-Misses:          421503    0.33%
Tlb-Store-Accesses:     126600451  100.00%

Tlb-Total-Hits:         689185487   95.10%
Tlb-Total-Misses:        35528334    4.90%
Tlb-Total-Accesses:     724713821  100.00%



--------
Two level Cache hierarchy
--------
  L1-Data Cache:
    Size(KB):          32
    Block Size(B):     64
    Associativity:      8

  L2-Data Cache:
    Size(KB):        1024
    Block Size(B):    128
    Associativity:      8

Latencies:    1   10  250
L1-Sets:   64 - LRU - assoc:   8
L2-Sets: 1024 - LRU - assoc:   8
Store_allocation: Yes
L2_inclusive: Yes
L2_prefetching: No

L1 Cache Stats:
L1-Load-Hits:         594405540   99.38%
L1-Load-Misses:         3707830    0.62%
L1-Load-Accesses:     598113370  100.00%

L1-Store-Hits:         125987429   99.52%
L1-Store-Misses:          613022    0.48%
L1-Store-Accesses:     126600451  100.00%

L1-Total-Hits:         720392969   99.40%
L1-Total-Misses:         4320852    0.60%
L1-Total-Accesses:     724713821  100.00%

L2 Cache Stats:
L2-Load-Hits:           2478775   66.85%
L2-Load-Misses:         1229055   33.15%
L2-Load-Accesses:       3707830  100.00%

L2-Store-Hits:            408110   66.57%
L2-Store-Misses:          204912   33.43%
L2-Store-Accesses:        613022  100.00%

L2-Total-Hits:           2886885   66.81%
L2-Total-Misses:         1433967   33.19%
L2-Total-Accesses:       4320852  100.00%

