--------
Total Statistics
--------
Total Instructions: 10308505683
Total Cycles: 16407583816
IPC: 0.628277

--------
Single level Tlb hierarchy
--------
  Data Tlb:
    Entries:          64
    Page Size(B):   4096
    Associativity:      4

Latencies:    0  150
Tlb-Sets:   16 - LRU - assoc:   4

Tlb Stats:
Tlb-Load-Hits:        2170469017   99.39%
Tlb-Load-Misses:        13419779    0.61%
Tlb-Load-Accesses:    2183888796  100.00%

Tlb-Store-Hits:         573809231   99.97%
Tlb-Store-Misses:          177536    0.03%
Tlb-Store-Accesses:     573986767  100.00%

Tlb-Total-Hits:        2744278248   99.51%
Tlb-Total-Misses:        13597315    0.49%
Tlb-Total-Accesses:    2757875563  100.00%



--------
Two level Cache hierarchy
--------
  L1-Data Cache:
    Size(KB):          32
    Block Size(B):     64
    Associativity:      8

  L2-Data Cache:
    Size(KB):        1024
    Block Size(B):    256
    Associativity:     16

Latencies:    1   10  250
L1-Sets:   64 - LRU - assoc:   8
L2-Sets:  256 - LRU - assoc:  16
Store_allocation: Yes
L2_inclusive: Yes
L2_prefetching: No

L1 Cache Stats:
L1-Load-Hits:        2073062324   94.93%
L1-Load-Misses:       110826472    5.07%
L1-Load-Accesses:    2183888796  100.00%

L1-Store-Hits:         568306182   99.01%
L1-Store-Misses:         5680585    0.99%
L1-Store-Accesses:     573986767  100.00%

L1-Total-Hits:        2641368506   95.78%
L1-Total-Misses:       116507057    4.22%
L1-Total-Accesses:    2757875563  100.00%

L2 Cache Stats:
L2-Load-Hits:         110498637   99.70%
L2-Load-Misses:          327835    0.30%
L2-Load-Accesses:     110826472  100.00%

L2-Store-Hits:           5462281   96.16%
L2-Store-Misses:          218304    3.84%
L2-Store-Accesses:       5680585  100.00%

L2-Total-Hits:         115960918   99.53%
L2-Total-Misses:          546139    0.47%
L2-Total-Accesses:     116507057  100.00%

