--------
Total Statistics
--------
Total Instructions: 10308506675
Total Cycles: 16537288148
IPC: 0.623349

--------
Single level Tlb hierarchy
--------
  Data Tlb:
    Entries:          64
    Page Size(B):   4096
    Associativity:      4

Latencies:    0  150
Tlb-Sets:   16 - LRU - assoc:   4

Tlb Stats:
Tlb-Load-Hits:        2170402016   99.38%
Tlb-Load-Misses:        13486780    0.62%
Tlb-Load-Accesses:    2183888796  100.00%

Tlb-Store-Hits:         573809247   99.97%
Tlb-Store-Misses:          177520    0.03%
Tlb-Store-Accesses:     573986767  100.00%

Tlb-Total-Hits:        2744211263   99.50%
Tlb-Total-Misses:        13664300    0.50%
Tlb-Total-Accesses:    2757875563  100.00%



--------
Two level Cache hierarchy
--------
  L1-Data Cache:
    Size(KB):          32
    Block Size(B):     64
    Associativity:      8

  L2-Data Cache:
    Size(KB):        1024
    Block Size(B):    128
    Associativity:      8

Latencies:    1   10  250
L1-Sets:   64 - LRU - assoc:   8
L2-Sets: 1024 - LRU - assoc:   8
Store_allocation: Yes
L2_inclusive: Yes
L2_prefetching: No

L1 Cache Stats:
L1-Load-Hits:        2073132440   94.93%
L1-Load-Misses:       110756356    5.07%
L1-Load-Accesses:    2183888796  100.00%

L1-Store-Hits:         568108607   98.98%
L1-Store-Misses:         5878160    1.02%
L1-Store-Accesses:     573986767  100.00%

L1-Total-Hits:        2641241047   95.77%
L1-Total-Misses:       116634516    4.23%
L1-Total-Accesses:    2757875563  100.00%

L2 Cache Stats:
L2-Load-Hits:         110166430   99.47%
L2-Load-Misses:          589926    0.53%
L2-Load-Accesses:     110756356  100.00%

L2-Store-Hits:           5448423   92.69%
L2-Store-Misses:          429737    7.31%
L2-Store-Accesses:       5878160  100.00%

L2-Total-Hits:         115614853   99.13%
L2-Total-Misses:         1019663    0.87%
L2-Total-Accesses:     116634516  100.00%

