--------
Total Statistics
--------
Total Instructions: 10308506179
Total Cycles: 16349596802
IPC: 0.630505

--------
Single level Tlb hierarchy
--------
  Data Tlb:
    Entries:          64
    Page Size(B):   4096
    Associativity:      4

Latencies:    0  150
Tlb-Sets:   16 - LRU - assoc:   4

Tlb Stats:
Tlb-Load-Hits:        2170404882   99.38%
Tlb-Load-Misses:        13483914    0.62%
Tlb-Load-Accesses:    2183888796  100.00%

Tlb-Store-Hits:         573809253   99.97%
Tlb-Store-Misses:          177514    0.03%
Tlb-Store-Accesses:     573986767  100.00%

Tlb-Total-Hits:        2744214135   99.50%
Tlb-Total-Misses:        13661428    0.50%
Tlb-Total-Accesses:    2757875563  100.00%



--------
Two level Cache hierarchy
--------
  L1-Data Cache:
    Size(KB):          32
    Block Size(B):     64
    Associativity:      8

  L2-Data Cache:
    Size(KB):        2048
    Block Size(B):    256
    Associativity:     16

Latencies:    1   10  250
L1-Sets:   64 - LRU - assoc:   8
L2-Sets:  512 - LRU - assoc:  16
Store_allocation: Yes
L2_inclusive: Yes
L2_prefetching: No

L1 Cache Stats:
L1-Load-Hits:        2073318140   94.94%
L1-Load-Misses:       110570656    5.06%
L1-Load-Accesses:    2183888796  100.00%

L1-Store-Hits:         568565937   99.06%
L1-Store-Misses:         5420830    0.94%
L1-Store-Accesses:     573986767  100.00%

L1-Total-Hits:        2641884077   95.79%
L1-Total-Misses:       115991486    4.21%
L1-Total-Accesses:    2757875563  100.00%

L2 Cache Stats:
L2-Load-Hits:         110382971   99.83%
L2-Load-Misses:          187685    0.17%
L2-Load-Accesses:     110570656  100.00%

L2-Store-Hits:           5312171   98.00%
L2-Store-Misses:          108659    2.00%
L2-Store-Accesses:       5420830  100.00%

L2-Total-Hits:         115695142   99.74%
L2-Total-Misses:          296344    0.26%
L2-Total-Accesses:     115991486  100.00%

