--------
Total Statistics
--------
Total Instructions: 10308506179
Total Cycles: 16613301122
IPC: 0.620497

--------
Single level Tlb hierarchy
--------
  Data Tlb:
    Entries:          64
    Page Size(B):   4096
    Associativity:      4

Latencies:    0  150
Tlb-Sets:   16 - LRU - assoc:   4

Tlb Stats:
Tlb-Load-Hits:        2170402364   99.38%
Tlb-Load-Misses:        13486432    0.62%
Tlb-Load-Accesses:    2183888796  100.00%

Tlb-Store-Hits:         573809266   99.97%
Tlb-Store-Misses:          177501    0.03%
Tlb-Store-Accesses:     573986767  100.00%

Tlb-Total-Hits:        2744211630   99.50%
Tlb-Total-Misses:        13663933    0.50%
Tlb-Total-Accesses:    2757875563  100.00%



--------
Two level Cache hierarchy
--------
  L1-Data Cache:
    Size(KB):          32
    Block Size(B):     64
    Associativity:      8

  L2-Data Cache:
    Size(KB):         512
    Block Size(B):    128
    Associativity:      8

Latencies:    1   10  250
L1-Sets:   64 - LRU - assoc:   8
L2-Sets:  512 - LRU - assoc:   8
Store_allocation: Yes
L2_inclusive: Yes
L2_prefetching: No

L1 Cache Stats:
L1-Load-Hits:        2072921502   94.92%
L1-Load-Misses:       110967294    5.08%
L1-Load-Accesses:    2183888796  100.00%

L1-Store-Hits:         568036093   98.96%
L1-Store-Misses:         5950674    1.04%
L1-Store-Accesses:     573986767  100.00%

L1-Total-Hits:        2640957595   95.76%
L1-Total-Misses:       116917968    4.24%
L1-Total-Accesses:    2757875563  100.00%

L2 Cache Stats:
L2-Load-Hits:         110160448   99.27%
L2-Load-Misses:          806846    0.73%
L2-Load-Accesses:     110967294  100.00%

L2-Store-Hits:           5444921   91.50%
L2-Store-Misses:          505753    8.50%
L2-Store-Accesses:       5950674  100.00%

L2-Total-Hits:         115605369   98.88%
L2-Total-Misses:         1312599    1.12%
L2-Total-Accesses:     116917968  100.00%

