--------
Total Statistics
--------
Total Instructions: 10308506179
Total Cycles: 16911147702
IPC: 0.609569

--------
Single level Tlb hierarchy
--------
  Data Tlb:
    Entries:          64
    Page Size(B):   4096
    Associativity:      4

Latencies:    0  150
Tlb-Sets:   16 - LRU - assoc:   4

Tlb Stats:
Tlb-Load-Hits:        2170471862   99.39%
Tlb-Load-Misses:        13416934    0.61%
Tlb-Load-Accesses:    2183888796  100.00%

Tlb-Store-Hits:         573729270   99.96%
Tlb-Store-Misses:          257497    0.04%
Tlb-Store-Accesses:     573986767  100.00%

Tlb-Total-Hits:        2744201132   99.50%
Tlb-Total-Misses:        13674431    0.50%
Tlb-Total-Accesses:    2757875563  100.00%



--------
Two level Cache hierarchy
--------
  L1-Data Cache:
    Size(KB):          32
    Block Size(B):     64
    Associativity:      8

  L2-Data Cache:
    Size(KB):         512
    Block Size(B):     64
    Associativity:      8

Latencies:    1   10  250
L1-Sets:   64 - LRU - assoc:   8
L2-Sets: 1024 - LRU - assoc:   8
Store_allocation: Yes
L2_inclusive: Yes
L2_prefetching: No

L1 Cache Stats:
L1-Load-Hits:        2073424685   94.94%
L1-Load-Misses:       110464111    5.06%
L1-Load-Accesses:    2183888796  100.00%

L1-Store-Hits:         568747947   99.09%
L1-Store-Misses:         5238820    0.91%
L1-Store-Accesses:     573986767  100.00%

L1-Total-Hits:        2642172632   95.80%
L1-Total-Misses:       115702931    4.20%
L1-Total-Accesses:    2757875563  100.00%

L2 Cache Stats:
L2-Load-Hits:         108925587   98.61%
L2-Load-Misses:         1538524    1.39%
L2-Load-Accesses:     110464111  100.00%

L2-Store-Hits:           4231056   80.76%
L2-Store-Misses:         1007764   19.24%
L2-Store-Accesses:       5238820  100.00%

L2-Total-Hits:         113156643   97.80%
L2-Total-Misses:         2546288    2.20%
L2-Total-Accesses:     115702931  100.00%

