--------
Total Statistics
--------
Total Instructions: 10308506675
Total Cycles: 16427723258
IPC: 0.627507

--------
Single level Tlb hierarchy
--------
  Data Tlb:
    Entries:          64
    Page Size(B):   4096
    Associativity:      4

Latencies:    0  150
Tlb-Sets:   16 - LRU - assoc:   4

Tlb Stats:
Tlb-Load-Hits:        2170307403   99.38%
Tlb-Load-Misses:        13581393    0.62%
Tlb-Load-Accesses:    2183888796  100.00%

Tlb-Store-Hits:         573809225   99.97%
Tlb-Store-Misses:          177542    0.03%
Tlb-Store-Accesses:     573986767  100.00%

Tlb-Total-Hits:        2744116628   99.50%
Tlb-Total-Misses:        13758935    0.50%
Tlb-Total-Accesses:    2757875563  100.00%



--------
Two level Cache hierarchy
--------
  L1-Data Cache:
    Size(KB):          32
    Block Size(B):     64
    Associativity:      8

  L2-Data Cache:
    Size(KB):        1024
    Block Size(B):    256
    Associativity:      8

Latencies:    1   10  250
L1-Sets:   64 - LRU - assoc:   8
L2-Sets:  512 - LRU - assoc:   8
Store_allocation: Yes
L2_inclusive: Yes
L2_prefetching: No

L1 Cache Stats:
L1-Load-Hits:        2073246195   94.93%
L1-Load-Misses:       110642601    5.07%
L1-Load-Accesses:    2183888796  100.00%

L1-Store-Hits:         568392816   99.03%
L1-Store-Misses:         5593951    0.97%
L1-Store-Accesses:     573986767  100.00%

L1-Total-Hits:        2641639011   95.79%
L1-Total-Misses:       116236552    4.21%
L1-Total-Accesses:    2757875563  100.00%

L2 Cache Stats:
L2-Load-Hits:         110319522   99.71%
L2-Load-Misses:          323079    0.29%
L2-Load-Accesses:     110642601  100.00%

L2-Store-Hits:           5376489   96.11%
L2-Store-Misses:          217462    3.89%
L2-Store-Accesses:       5593951  100.00%

L2-Total-Hits:         115696011   99.53%
L2-Total-Misses:          540541    0.47%
L2-Total-Accesses:     116236552  100.00%

