--------
Total Statistics
--------
Total Instructions: 10308506675
Total Cycles: 16543380988
IPC: 0.62312

--------
Single level Tlb hierarchy
--------
  Data Tlb:
    Entries:          64
    Page Size(B):   4096
    Associativity:      4

Latencies:    0  150
Tlb-Sets:   16 - LRU - assoc:   4

Tlb Stats:
Tlb-Load-Hits:        2170402501   99.38%
Tlb-Load-Misses:        13486295    0.62%
Tlb-Load-Accesses:    2183888796  100.00%

Tlb-Store-Hits:         573809263   99.97%
Tlb-Store-Misses:          177504    0.03%
Tlb-Store-Accesses:     573986767  100.00%

Tlb-Total-Hits:        2744211764   99.50%
Tlb-Total-Misses:        13663799    0.50%
Tlb-Total-Accesses:    2757875563  100.00%



--------
Two level Cache hierarchy
--------
  L1-Data Cache:
    Size(KB):          32
    Block Size(B):     64
    Associativity:      8

  L2-Data Cache:
    Size(KB):        1024
    Block Size(B):    128
    Associativity:     16

Latencies:    1   10  250
L1-Sets:   64 - LRU - assoc:   8
L2-Sets:  512 - LRU - assoc:  16
Store_allocation: Yes
L2_inclusive: Yes
L2_prefetching: No

L1 Cache Stats:
L1-Load-Hits:        2072991162   94.92%
L1-Load-Misses:       110897634    5.08%
L1-Load-Accesses:    2183888796  100.00%

L1-Store-Hits:         568087636   98.97%
L1-Store-Misses:         5899131    1.03%
L1-Store-Accesses:     573986767  100.00%

L1-Total-Hits:        2641078798   95.76%
L1-Total-Misses:       116796765    4.24%
L1-Total-Accesses:    2757875563  100.00%

L2 Cache Stats:
L2-Load-Hits:         110292035   99.45%
L2-Load-Misses:          605599    0.55%
L2-Load-Accesses:     110897634  100.00%

L2-Store-Hits:           5466885   92.67%
L2-Store-Misses:          432246    7.33%
L2-Store-Accesses:       5899131  100.00%

L2-Total-Hits:         115758920   99.11%
L2-Total-Misses:         1037845    0.89%
L2-Total-Accesses:     116796765  100.00%

