--------
Total Statistics
--------
Total Instructions: 10308506675
Total Cycles: 16528102298
IPC: 0.623696

--------
Single level Tlb hierarchy
--------
  Data Tlb:
    Entries:          64
    Page Size(B):   4096
    Associativity:      4

Latencies:    0  150
Tlb-Sets:   16 - LRU - assoc:   4

Tlb Stats:
Tlb-Load-Hits:        2170465828   99.39%
Tlb-Load-Misses:        13422968    0.61%
Tlb-Load-Accesses:    2183888796  100.00%

Tlb-Store-Hits:         573729235   99.96%
Tlb-Store-Misses:          257532    0.04%
Tlb-Store-Accesses:     573986767  100.00%

Tlb-Total-Hits:        2744195063   99.50%
Tlb-Total-Misses:        13680500    0.50%
Tlb-Total-Accesses:    2757875563  100.00%



--------
Two level Cache hierarchy
--------
  L1-Data Cache:
    Size(KB):          32
    Block Size(B):     64
    Associativity:      8

  L2-Data Cache:
    Size(KB):        2048
    Block Size(B):     64
    Associativity:     16

Latencies:    1   10  250
L1-Sets:   64 - LRU - assoc:   8
L2-Sets: 2048 - LRU - assoc:  16
Store_allocation: Yes
L2_inclusive: Yes
L2_prefetching: No

L1 Cache Stats:
L1-Load-Hits:        2073383331   94.94%
L1-Load-Misses:       110505465    5.06%
L1-Load-Accesses:    2183888796  100.00%

L1-Store-Hits:         568687426   99.08%
L1-Store-Misses:         5299341    0.92%
L1-Store-Accesses:     573986767  100.00%

L1-Total-Hits:        2642070757   95.80%
L1-Total-Misses:       115804806    4.20%
L1-Total-Accesses:    2757875563  100.00%

L2 Cache Stats:
L2-Load-Hits:         109910350   99.46%
L2-Load-Misses:          595115    0.54%
L2-Load-Accesses:     110505465  100.00%

L2-Store-Hits:           4888068   92.24%
L2-Store-Misses:          411273    7.76%
L2-Store-Accesses:       5299341  100.00%

L2-Total-Hits:         114798418   99.13%
L2-Total-Misses:         1006388    0.87%
L2-Total-Accesses:     115804806  100.00%

