--------
Total Statistics
--------
Total Instructions: 10308506179
Total Cycles: 16759590982
IPC: 0.615081

--------
Single level Tlb hierarchy
--------
  Data Tlb:
    Entries:          64
    Page Size(B):   4096
    Associativity:      4

Latencies:    0  150
Tlb-Sets:   16 - LRU - assoc:   4

Tlb Stats:
Tlb-Load-Hits:        2170419493   99.38%
Tlb-Load-Misses:        13469303    0.62%
Tlb-Load-Accesses:    2183888796  100.00%

Tlb-Store-Hits:         573809205   99.97%
Tlb-Store-Misses:          177562    0.03%
Tlb-Store-Accesses:     573986767  100.00%

Tlb-Total-Hits:        2744228698   99.51%
Tlb-Total-Misses:        13646865    0.49%
Tlb-Total-Accesses:    2757875563  100.00%



--------
Two level Cache hierarchy
--------
  L1-Data Cache:
    Size(KB):          32
    Block Size(B):     64
    Associativity:      8

  L2-Data Cache:
    Size(KB):        1024
    Block Size(B):     64
    Associativity:      8

Latencies:    1   10  250
L1-Sets:   64 - LRU - assoc:   8
L2-Sets: 2048 - LRU - assoc:   8
Store_allocation: Yes
L2_inclusive: Yes
L2_prefetching: No

L1 Cache Stats:
L1-Load-Hits:        2073370447   94.94%
L1-Load-Misses:       110518349    5.06%
L1-Load-Accesses:    2183888796  100.00%

L1-Store-Hits:         568828367   99.10%
L1-Store-Misses:         5158400    0.90%
L1-Store-Accesses:     573986767  100.00%

L1-Total-Hits:        2642198814   95.81%
L1-Total-Misses:       115676749    4.19%
L1-Total-Accesses:    2757875563  100.00%

L2 Cache Stats:
L2-Load-Hits:         109417590   99.00%
L2-Load-Misses:         1100759    1.00%
L2-Load-Accesses:     110518349  100.00%

L2-Store-Hits:           4301511   83.39%
L2-Store-Misses:          856889   16.61%
L2-Store-Accesses:       5158400  100.00%

L2-Total-Hits:         113719101   98.31%
L2-Total-Misses:         1957648    1.69%
L2-Total-Accesses:     115676749  100.00%

