--------
Total Statistics
--------
Total Instructions: 1514103400
Total Cycles: 16221148465
IPC: 0.0933413

--------
Single level Tlb hierarchy
--------
  Data Tlb:
    Entries:          64
    Page Size(B):   4096
    Associativity:      4

Latencies:    0  150
Tlb-Sets:   16 - LRU - assoc:   4

Tlb Stats:
Tlb-Load-Hits:         243225967   86.20%
Tlb-Load-Misses:        38931424   13.80%
Tlb-Load-Accesses:     282157391  100.00%

Tlb-Store-Hits:          75926045   99.27%
Tlb-Store-Misses:          557489    0.73%
Tlb-Store-Accesses:      76483534  100.00%

Tlb-Total-Hits:         319152012   88.99%
Tlb-Total-Misses:        39488913   11.01%
Tlb-Total-Accesses:     358640925  100.00%



--------
Two level Cache hierarchy
--------
  L1-Data Cache:
    Size(KB):          32
    Block Size(B):     64
    Associativity:      8

  L2-Data Cache:
    Size(KB):        1024
    Block Size(B):    256
    Associativity:     16

Latencies:    1   10  250
L1-Sets:   64 - LRU - assoc:   8
L2-Sets:  256 - LRU - assoc:  16
Store_allocation: Yes
L2_inclusive: Yes
L2_prefetching: No

L1 Cache Stats:
L1-Load-Hits:         209228793   74.15%
L1-Load-Misses:        72928598   25.85%
L1-Load-Accesses:     282157391  100.00%

L1-Store-Hits:          76475488   99.99%
L1-Store-Misses:            8046    0.01%
L1-Store-Accesses:      76483534  100.00%

L1-Total-Hits:         285704281   79.66%
L1-Total-Misses:        72936644   20.34%
L1-Total-Accesses:     358640925  100.00%

L2 Cache Stats:
L2-Load-Hits:          42148059   57.79%
L2-Load-Misses:        30780539   42.21%
L2-Load-Accesses:      72928598  100.00%

L2-Store-Hits:              5782   71.86%
L2-Store-Misses:            2264   28.14%
L2-Store-Accesses:          8046  100.00%

L2-Total-Hits:          42153841   57.80%
L2-Total-Misses:        30782803   42.20%
L2-Total-Accesses:      72936644  100.00%

