--------
Total Statistics
--------
Total Instructions: 1514103361
Total Cycles: 16049475144
IPC: 0.0943397

--------
Single level Tlb hierarchy
--------
  Data Tlb:
    Entries:          64
    Page Size(B):   4096
    Associativity:      4

Latencies:    0  150
Tlb-Sets:   16 - LRU - assoc:   4

Tlb Stats:
Tlb-Load-Hits:         242782187   86.04%
Tlb-Load-Misses:        39375192   13.96%
Tlb-Load-Accesses:     282157379  100.00%

Tlb-Store-Hits:          75927016   99.27%
Tlb-Store-Misses:          556518    0.73%
Tlb-Store-Accesses:      76483534  100.00%

Tlb-Total-Hits:         318709203   88.87%
Tlb-Total-Misses:        39931710   11.13%
Tlb-Total-Accesses:     358640913  100.00%



--------
Two level Cache hierarchy
--------
  L1-Data Cache:
    Size(KB):          32
    Block Size(B):     64
    Associativity:      8

  L2-Data Cache:
    Size(KB):        2048
    Block Size(B):    128
    Associativity:     16

Latencies:    1   10  250
L1-Sets:   64 - LRU - assoc:   8
L2-Sets: 1024 - LRU - assoc:  16
Store_allocation: Yes
L2_inclusive: Yes
L2_prefetching: No

L1 Cache Stats:
L1-Load-Hits:         212162170   75.19%
L1-Load-Misses:        69995209   24.81%
L1-Load-Accesses:     282157379  100.00%

L1-Store-Hits:          76475781   99.99%
L1-Store-Misses:            7753    0.01%
L1-Store-Accesses:      76483534  100.00%

L1-Total-Hits:         288637951   80.48%
L1-Total-Misses:        70002962   19.52%
L1-Total-Accesses:     358640913  100.00%

L2 Cache Stats:
L2-Load-Hits:          40048152   57.22%
L2-Load-Misses:        29947057   42.78%
L2-Load-Accesses:      69995209  100.00%

L2-Store-Hits:              7031   90.69%
L2-Store-Misses:             722    9.31%
L2-Store-Accesses:          7753  100.00%

L2-Total-Hits:          40055183   57.22%
L2-Total-Misses:        29947779   42.78%
L2-Total-Accesses:      70002962  100.00%

