--------
Total Statistics
--------
Total Instructions: 1514103361
Total Cycles: 16611319744
IPC: 0.0911489

--------
Single level Tlb hierarchy
--------
  Data Tlb:
    Entries:          64
    Page Size(B):   4096
    Associativity:      4

Latencies:    0  150
Tlb-Sets:   16 - LRU - assoc:   4

Tlb Stats:
Tlb-Load-Hits:         244158074   86.53%
Tlb-Load-Misses:        37999305   13.47%
Tlb-Load-Accesses:     282157379  100.00%

Tlb-Store-Hits:          76174162   99.60%
Tlb-Store-Misses:          309372    0.40%
Tlb-Store-Accesses:      76483534  100.00%

Tlb-Total-Hits:         320332236   89.32%
Tlb-Total-Misses:        38308677   10.68%
Tlb-Total-Accesses:     358640913  100.00%



--------
Two level Cache hierarchy
--------
  L1-Data Cache:
    Size(KB):          32
    Block Size(B):     64
    Associativity:      8

  L2-Data Cache:
    Size(KB):         512
    Block Size(B):    128
    Associativity:      8

Latencies:    1   10  250
L1-Sets:   64 - LRU - assoc:   8
L2-Sets:  512 - LRU - assoc:   8
Store_allocation: Yes
L2_inclusive: Yes
L2_prefetching: No

L1 Cache Stats:
L1-Load-Hits:         208873748   74.03%
L1-Load-Misses:        73283631   25.97%
L1-Load-Accesses:     282157379  100.00%

L1-Store-Hits:          76471948   99.98%
L1-Store-Misses:           11586    0.02%
L1-Store-Accesses:      76483534  100.00%

L1-Total-Hits:         285345696   79.56%
L1-Total-Misses:        73295217   20.44%
L1-Total-Accesses:     358640913  100.00%

L2 Cache Stats:
L2-Load-Hits:          40249899   54.92%
L2-Load-Misses:        33033732   45.08%
L2-Load-Accesses:      73283631  100.00%

L2-Store-Hits:              8031   69.32%
L2-Store-Misses:            3555   30.68%
L2-Store-Accesses:         11586  100.00%

L2-Total-Hits:          40257930   54.93%
L2-Total-Misses:        33037287   45.07%
L2-Total-Accesses:      73295217  100.00%

