--------
Total Statistics
--------
Total Instructions: 1514103361
Total Cycles: 16073856654
IPC: 0.0941966

--------
Single level Tlb hierarchy
--------
  Data Tlb:
    Entries:          64
    Page Size(B):   4096
    Associativity:      4

Latencies:    0  150
Tlb-Sets:   16 - LRU - assoc:   4

Tlb Stats:
Tlb-Load-Hits:         243339672   86.24%
Tlb-Load-Misses:        38817707   13.76%
Tlb-Load-Accesses:     282157379  100.00%

Tlb-Store-Hits:          75930367   99.28%
Tlb-Store-Misses:          553167    0.72%
Tlb-Store-Accesses:      76483534  100.00%

Tlb-Total-Hits:         319270039   89.02%
Tlb-Total-Misses:        39370874   10.98%
Tlb-Total-Accesses:     358640913  100.00%



--------
Two level Cache hierarchy
--------
  L1-Data Cache:
    Size(KB):          32
    Block Size(B):     64
    Associativity:      8

  L2-Data Cache:
    Size(KB):        2048
    Block Size(B):     64
    Associativity:     16

Latencies:    1   10  250
L1-Sets:   64 - LRU - assoc:   8
L2-Sets: 2048 - LRU - assoc:  16
Store_allocation: Yes
L2_inclusive: Yes
L2_prefetching: No

L1 Cache Stats:
L1-Load-Hits:         245125043   86.88%
L1-Load-Misses:        37032336   13.12%
L1-Load-Accesses:     282157379  100.00%

L1-Store-Hits:          76482017  100.00%
L1-Store-Misses:            1517    0.00%
L1-Store-Accesses:      76483534  100.00%

L1-Total-Hits:         321607060   89.67%
L1-Total-Misses:        37033853   10.33%
L1-Total-Accesses:     358640913  100.00%

L2 Cache Stats:
L2-Load-Hits:           5332813   14.40%
L2-Load-Misses:        31699523   85.60%
L2-Load-Accesses:      37032336  100.00%

L2-Store-Hits:               469   30.92%
L2-Store-Misses:            1048   69.08%
L2-Store-Accesses:          1517  100.00%

L2-Total-Hits:           5333282   14.40%
L2-Total-Misses:        31700571   85.60%
L2-Total-Accesses:      37033853  100.00%

