--------
Total Statistics
--------
Total Instructions: 1514103400
Total Cycles: 16681722535
IPC: 0.0907642

--------
Single level Tlb hierarchy
--------
  Data Tlb:
    Entries:          64
    Page Size(B):   4096
    Associativity:      4

Latencies:    0  150
Tlb-Sets:   16 - LRU - assoc:   4

Tlb Stats:
Tlb-Load-Hits:         242361040   85.90%
Tlb-Load-Misses:        39796351   14.10%
Tlb-Load-Accesses:     282157391  100.00%

Tlb-Store-Hits:          76175250   99.60%
Tlb-Store-Misses:          308284    0.40%
Tlb-Store-Accesses:      76483534  100.00%

Tlb-Total-Hits:         318536290   88.82%
Tlb-Total-Misses:        40104635   11.18%
Tlb-Total-Accesses:     358640925  100.00%



--------
Two level Cache hierarchy
--------
  L1-Data Cache:
    Size(KB):          32
    Block Size(B):     64
    Associativity:      8

  L2-Data Cache:
    Size(KB):        1024
    Block Size(B):     64
    Associativity:     16

Latencies:    1   10  250
L1-Sets:   64 - LRU - assoc:   8
L2-Sets: 1024 - LRU - assoc:  16
Store_allocation: Yes
L2_inclusive: Yes
L2_prefetching: No

L1 Cache Stats:
L1-Load-Hits:         245116860   86.87%
L1-Load-Misses:        37040531   13.13%
L1-Load-Accesses:     282157391  100.00%

L1-Store-Hits:          76480994  100.00%
L1-Store-Misses:            2540    0.00%
L1-Store-Accesses:      76483534  100.00%

L1-Total-Hits:         321597854   89.67%
L1-Total-Misses:        37043071   10.33%
L1-Total-Accesses:     358640925  100.00%

L2 Cache Stats:
L2-Load-Hits:           3351197    9.05%
L2-Load-Misses:        33689334   90.95%
L2-Load-Accesses:      37040531  100.00%

L2-Store-Hits:               465   18.31%
L2-Store-Misses:            2075   81.69%
L2-Store-Accesses:          2540  100.00%

L2-Total-Hits:           3351662    9.05%
L2-Total-Misses:        33691409   90.95%
L2-Total-Accesses:      37043071  100.00%

