--------
Total Statistics
--------
Total Instructions: 1514103361
Total Cycles: 15631865114
IPC: 0.0968601

--------
Single level Tlb hierarchy
--------
  Data Tlb:
    Entries:          64
    Page Size(B):   4096
    Associativity:      4

Latencies:    0  150
Tlb-Sets:   16 - LRU - assoc:   4

Tlb Stats:
Tlb-Load-Hits:         243457075   86.28%
Tlb-Load-Misses:        38700304   13.72%
Tlb-Load-Accesses:     282157379  100.00%

Tlb-Store-Hits:          76174971   99.60%
Tlb-Store-Misses:          308563    0.40%
Tlb-Store-Accesses:      76483534  100.00%

Tlb-Total-Hits:         319632046   89.12%
Tlb-Total-Misses:        39008867   10.88%
Tlb-Total-Accesses:     358640913  100.00%



--------
Two level Cache hierarchy
--------
  L1-Data Cache:
    Size(KB):          32
    Block Size(B):     64
    Associativity:      8

  L2-Data Cache:
    Size(KB):        2048
    Block Size(B):    256
    Associativity:     16

Latencies:    1   10  250
L1-Sets:   64 - LRU - assoc:   8
L2-Sets:  512 - LRU - assoc:  16
Store_allocation: Yes
L2_inclusive: Yes
L2_prefetching: No

L1 Cache Stats:
L1-Load-Hits:         211083904   74.81%
L1-Load-Misses:        71073475   25.19%
L1-Load-Accesses:     282157379  100.00%

L1-Store-Hits:          76475130   99.99%
L1-Store-Misses:            8404    0.01%
L1-Store-Accesses:      76483534  100.00%

L1-Total-Hits:         287559034   80.18%
L1-Total-Misses:        71081879   19.82%
L1-Total-Accesses:     358640913  100.00%

L2 Cache Stats:
L2-Load-Hits:          42287054   59.50%
L2-Load-Misses:        28786421   40.50%
L2-Load-Accesses:      71073475  100.00%

L2-Store-Hits:              6937   82.54%
L2-Store-Misses:            1467   17.46%
L2-Store-Accesses:          8404  100.00%

L2-Total-Hits:          42293991   59.50%
L2-Total-Misses:        28787888   40.50%
L2-Total-Accesses:      71081879  100.00%

