--------
Total Statistics
--------
Total Instructions: 1514103361
Total Cycles: 16437042024
IPC: 0.0921153

--------
Single level Tlb hierarchy
--------
  Data Tlb:
    Entries:          64
    Page Size(B):   4096
    Associativity:      4

Latencies:    0  150
Tlb-Sets:   16 - LRU - assoc:   4

Tlb Stats:
Tlb-Load-Hits:         243593671   86.33%
Tlb-Load-Misses:        38563708   13.67%
Tlb-Load-Accesses:     282157379  100.00%

Tlb-Store-Hits:          76172654   99.59%
Tlb-Store-Misses:          310880    0.41%
Tlb-Store-Accesses:      76483534  100.00%

Tlb-Total-Hits:         319766325   89.16%
Tlb-Total-Misses:        38874588   10.84%
Tlb-Total-Accesses:     358640913  100.00%



--------
Two level Cache hierarchy
--------
  L1-Data Cache:
    Size(KB):          32
    Block Size(B):     64
    Associativity:      8

  L2-Data Cache:
    Size(KB):         512
    Block Size(B):    256
    Associativity:      8

Latencies:    1   10  250
L1-Sets:   64 - LRU - assoc:   8
L2-Sets:  256 - LRU - assoc:   8
Store_allocation: Yes
L2_inclusive: Yes
L2_prefetching: No

L1 Cache Stats:
L1-Load-Hits:         207473993   73.53%
L1-Load-Misses:        74683386   26.47%
L1-Load-Accesses:     282157379  100.00%

L1-Store-Hits:          76475165   99.99%
L1-Store-Misses:            8369    0.01%
L1-Store-Accesses:      76483534  100.00%

L1-Total-Hits:         283949158   79.17%
L1-Total-Misses:        74691755   20.83%
L1-Total-Accesses:     358640913  100.00%

L2 Cache Stats:
L2-Load-Hits:          42741543   57.23%
L2-Load-Misses:        31941843   42.77%
L2-Load-Accesses:      74683386  100.00%

L2-Store-Hits:              5444   65.05%
L2-Store-Misses:            2925   34.95%
L2-Store-Accesses:          8369  100.00%

L2-Total-Hits:          42746987   57.23%
L2-Total-Misses:        31944768   42.77%
L2-Total-Accesses:      74691755  100.00%

