--------
Total Statistics
--------
Total Instructions: 1514103361
Total Cycles: 16943919234
IPC: 0.0893597

--------
Single level Tlb hierarchy
--------
  Data Tlb:
    Entries:          64
    Page Size(B):   4096
    Associativity:      4

Latencies:    0  150
Tlb-Sets:   16 - LRU - assoc:   4

Tlb Stats:
Tlb-Load-Hits:         242413293   85.91%
Tlb-Load-Misses:        39744086   14.09%
Tlb-Load-Accesses:     282157379  100.00%

Tlb-Store-Hits:          76174162   99.60%
Tlb-Store-Misses:          309372    0.40%
Tlb-Store-Accesses:      76483534  100.00%

Tlb-Total-Hits:         318587455   88.83%
Tlb-Total-Misses:        40053458   11.17%
Tlb-Total-Accesses:     358640913  100.00%



--------
Two level Cache hierarchy
--------
  L1-Data Cache:
    Size(KB):          32
    Block Size(B):     64
    Associativity:      8

  L2-Data Cache:
    Size(KB):         512
    Block Size(B):     64
    Associativity:      8

Latencies:    1   10  250
L1-Sets:   64 - LRU - assoc:   8
L2-Sets: 1024 - LRU - assoc:   8
Store_allocation: Yes
L2_inclusive: Yes
L2_prefetching: No

L1 Cache Stats:
L1-Load-Hits:         245087377   86.86%
L1-Load-Misses:        37070002   13.14%
L1-Load-Accesses:     282157379  100.00%

L1-Store-Hits:          76478810   99.99%
L1-Store-Misses:            4724    0.01%
L1-Store-Accesses:      76483534  100.00%

L1-Total-Hits:         321566187   89.66%
L1-Total-Misses:        37074726   10.34%
L1-Total-Accesses:     358640913  100.00%

L2 Cache Stats:
L2-Load-Hits:           2304634    6.22%
L2-Load-Misses:        34765368   93.78%
L2-Load-Accesses:      37070002  100.00%

L2-Store-Hits:               456    9.65%
L2-Store-Misses:            4268   90.35%
L2-Store-Accesses:          4724  100.00%

L2-Total-Hits:           2305090    6.22%
L2-Total-Misses:        34769636   93.78%
L2-Total-Accesses:      37074726  100.00%

