--------
Total Statistics
--------
Total Instructions: 8310935081
Total Cycles: 12600840820
IPC: 0.659554

--------
Single level Tlb hierarchy
--------
  Data Tlb:
    Entries:          64
    Page Size(B):   4096
    Associativity:      4

Latencies:    0  150
Tlb-Sets:   16 - LRU - assoc:   4

Tlb Stats:
Tlb-Load-Hits:        1869902697   99.97%
Tlb-Load-Misses:          564431    0.03%
Tlb-Load-Accesses:    1870467128  100.00%

Tlb-Store-Hits:         185876061   99.85%
Tlb-Store-Misses:          279840    0.15%
Tlb-Store-Accesses:     186155901  100.00%

Tlb-Total-Hits:        2055778758   99.96%
Tlb-Total-Misses:          844271    0.04%
Tlb-Total-Accesses:    2056623029  100.00%



--------
Two level Cache hierarchy
--------
  L1-Data Cache:
    Size(KB):          32
    Block Size(B):     64
    Associativity:      8

  L2-Data Cache:
    Size(KB):        2048
    Block Size(B):    128
    Associativity:     16

Latencies:    1   10  250
L1-Sets:   64 - LRU - assoc:   8
L2-Sets: 1024 - LRU - assoc:  16
Store_allocation: Yes
L2_inclusive: Yes
L2_prefetching: No

L1 Cache Stats:
L1-Load-Hits:        1850184287   98.92%
L1-Load-Misses:        20282841    1.08%
L1-Load-Accesses:    1870467128  100.00%

L1-Store-Hits:         180661961   97.05%
L1-Store-Misses:         5493940    2.95%
L1-Store-Accesses:     186155901  100.00%

L1-Total-Hits:        2030846248   98.75%
L1-Total-Misses:        25776781    1.25%
L1-Total-Accesses:    2056623029  100.00%

L2 Cache Stats:
L2-Load-Hits:          15606125   76.94%
L2-Load-Misses:         4676716   23.06%
L2-Load-Accesses:      20282841  100.00%

L2-Store-Hits:           2775159   50.51%
L2-Store-Misses:         2718781   49.49%
L2-Store-Accesses:       5493940  100.00%

L2-Total-Hits:          18381284   71.31%
L2-Total-Misses:         7395497   28.69%
L2-Total-Accesses:      25776781  100.00%

