--------
Total Statistics
--------
Total Instructions: 8310935042
Total Cycles: 12482381229
IPC: 0.665813

--------
Single level Tlb hierarchy
--------
  Data Tlb:
    Entries:          64
    Page Size(B):   4096
    Associativity:      4

Latencies:    0  150
Tlb-Sets:   16 - LRU - assoc:   4

Tlb Stats:
Tlb-Load-Hits:        1869902014   99.97%
Tlb-Load-Misses:          565102    0.03%
Tlb-Load-Accesses:    1870467116  100.00%

Tlb-Store-Hits:         185876056   99.85%
Tlb-Store-Misses:          279845    0.15%
Tlb-Store-Accesses:     186155901  100.00%

Tlb-Total-Hits:        2055778070   99.96%
Tlb-Total-Misses:          844947    0.04%
Tlb-Total-Accesses:    2056623017  100.00%



--------
Two level Cache hierarchy
--------
  L1-Data Cache:
    Size(KB):          32
    Block Size(B):     64
    Associativity:      8

  L2-Data Cache:
    Size(KB):         512
    Block Size(B):    256
    Associativity:      8

Latencies:    1   10  250
L1-Sets:   64 - LRU - assoc:   8
L2-Sets:  256 - LRU - assoc:   8
Store_allocation: Yes
L2_inclusive: Yes
L2_prefetching: No

L1 Cache Stats:
L1-Load-Hits:        1850487050   98.93%
L1-Load-Misses:        19980066    1.07%
L1-Load-Accesses:    1870467116  100.00%

L1-Store-Hits:         181012755   97.24%
L1-Store-Misses:         5143146    2.76%
L1-Store-Accesses:     186155901  100.00%

L1-Total-Hits:        2031499805   98.78%
L1-Total-Misses:        25123212    1.22%
L1-Total-Accesses:    2056623017  100.00%

L2 Cache Stats:
L2-Load-Hits:          15214948   76.15%
L2-Load-Misses:         4765118   23.85%
L2-Load-Accesses:      19980066  100.00%

L2-Store-Hits:           2960868   57.57%
L2-Store-Misses:         2182278   42.43%
L2-Store-Accesses:       5143146  100.00%

L2-Total-Hits:          18175816   72.35%
L2-Total-Misses:         6947396   27.65%
L2-Total-Accesses:      25123212  100.00%

