--------
Total Statistics
--------
Total Instructions: 8310935042
Total Cycles: 12939370139
IPC: 0.642298

--------
Single level Tlb hierarchy
--------
  Data Tlb:
    Entries:          64
    Page Size(B):   4096
    Associativity:      4

Latencies:    0  150
Tlb-Sets:   16 - LRU - assoc:   4

Tlb Stats:
Tlb-Load-Hits:        1869902483   99.97%
Tlb-Load-Misses:          564633    0.03%
Tlb-Load-Accesses:    1870467116  100.00%

Tlb-Store-Hits:         185876059   99.85%
Tlb-Store-Misses:          279842    0.15%
Tlb-Store-Accesses:     186155901  100.00%

Tlb-Total-Hits:        2055778542   99.96%
Tlb-Total-Misses:          844475    0.04%
Tlb-Total-Accesses:    2056623017  100.00%



--------
Two level Cache hierarchy
--------
  L1-Data Cache:
    Size(KB):          32
    Block Size(B):     64
    Associativity:      8

  L2-Data Cache:
    Size(KB):        1024
    Block Size(B):    128
    Associativity:      8

Latencies:    1   10  250
L1-Sets:   64 - LRU - assoc:   8
L2-Sets: 1024 - LRU - assoc:   8
Store_allocation: Yes
L2_inclusive: Yes
L2_prefetching: No

L1 Cache Stats:
L1-Load-Hits:        1848548858   98.83%
L1-Load-Misses:        21918258    1.17%
L1-Load-Accesses:    1870467116  100.00%

L1-Store-Hits:         180660776   97.05%
L1-Store-Misses:         5495125    2.95%
L1-Store-Accesses:     186155901  100.00%

L1-Total-Hits:        2029209634   98.67%
L1-Total-Misses:        27413383    1.33%
L1-Total-Accesses:    2056623017  100.00%

L2 Cache Stats:
L2-Load-Hits:          15953398   72.79%
L2-Load-Misses:         5964860   27.21%
L2-Load-Accesses:      21918258  100.00%

L2-Store-Hits:           2775957   50.52%
L2-Store-Misses:         2719168   49.48%
L2-Store-Accesses:       5495125  100.00%

L2-Total-Hits:          18729355   68.32%
L2-Total-Misses:         8684028   31.68%
L2-Total-Accesses:      27413383  100.00%

