--------
Total Statistics
--------
Total Instructions: 8310935042
Total Cycles: 13082078099
IPC: 0.635292

--------
Single level Tlb hierarchy
--------
  Data Tlb:
    Entries:          64
    Page Size(B):   4096
    Associativity:      4

Latencies:    0  150
Tlb-Sets:   16 - LRU - assoc:   4

Tlb Stats:
Tlb-Load-Hits:        1869902353   99.97%
Tlb-Load-Misses:          564763    0.03%
Tlb-Load-Accesses:    1870467116  100.00%

Tlb-Store-Hits:         185876056   99.85%
Tlb-Store-Misses:          279845    0.15%
Tlb-Store-Accesses:     186155901  100.00%

Tlb-Total-Hits:        2055778409   99.96%
Tlb-Total-Misses:          844608    0.04%
Tlb-Total-Accesses:    2056623017  100.00%



--------
Two level Cache hierarchy
--------
  L1-Data Cache:
    Size(KB):          32
    Block Size(B):     64
    Associativity:      8

  L2-Data Cache:
    Size(KB):         512
    Block Size(B):    128
    Associativity:      8

Latencies:    1   10  250
L1-Sets:   64 - LRU - assoc:   8
L2-Sets:  512 - LRU - assoc:   8
Store_allocation: Yes
L2_inclusive: Yes
L2_prefetching: No

L1 Cache Stats:
L1-Load-Hits:        1848278722   98.81%
L1-Load-Misses:        22188394    1.19%
L1-Load-Accesses:    1870467116  100.00%

L1-Store-Hits:         180411361   96.91%
L1-Store-Misses:         5744540    3.09%
L1-Store-Accesses:     186155901  100.00%

L1-Total-Hits:        2028690083   98.64%
L1-Total-Misses:        27932934    1.36%
L1-Total-Accesses:    2056623017  100.00%

L2 Cache Stats:
L2-Load-Hits:          15673668   70.64%
L2-Load-Misses:         6514726   29.36%
L2-Load-Accesses:      22188394  100.00%

L2-Store-Hits:           3025268   52.66%
L2-Store-Misses:         2719272   47.34%
L2-Store-Accesses:       5744540  100.00%

L2-Total-Hits:          18698936   66.94%
L2-Total-Misses:         9233998   33.06%
L2-Total-Accesses:      27932934  100.00%

