--------
Total Statistics
--------
Total Instructions: 8310935081
Total Cycles: 12953152120
IPC: 0.641615

--------
Single level Tlb hierarchy
--------
  Data Tlb:
    Entries:          64
    Page Size(B):   4096
    Associativity:      4

Latencies:    0  150
Tlb-Sets:   16 - LRU - assoc:   4

Tlb Stats:
Tlb-Load-Hits:        1869901856   99.97%
Tlb-Load-Misses:          565272    0.03%
Tlb-Load-Accesses:    1870467128  100.00%

Tlb-Store-Hits:         185876060   99.85%
Tlb-Store-Misses:          279841    0.15%
Tlb-Store-Accesses:     186155901  100.00%

Tlb-Total-Hits:        2055777916   99.96%
Tlb-Total-Misses:          845113    0.04%
Tlb-Total-Accesses:    2056623029  100.00%



--------
Two level Cache hierarchy
--------
  L1-Data Cache:
    Size(KB):          32
    Block Size(B):     64
    Associativity:      8

  L2-Data Cache:
    Size(KB):        1024
    Block Size(B):     64
    Associativity:      8

Latencies:    1   10  250
L1-Sets:   64 - LRU - assoc:   8
L2-Sets: 2048 - LRU - assoc:   8
Store_allocation: Yes
L2_inclusive: Yes
L2_prefetching: No

L1 Cache Stats:
L1-Load-Hits:        1856553946   99.26%
L1-Load-Misses:        13913182    0.74%
L1-Load-Accesses:    1870467128  100.00%

L1-Store-Hits:         183067852   98.34%
L1-Store-Misses:         3088049    1.66%
L1-Store-Accesses:     186155901  100.00%

L1-Total-Hits:        2039621798   99.17%
L1-Total-Misses:        17001231    0.83%
L1-Total-Accesses:    2056623029  100.00%

L2 Cache Stats:
L2-Load-Hits:           7838508   56.34%
L2-Load-Misses:         6074674   43.66%
L2-Load-Accesses:      13913182  100.00%

L2-Store-Hits:              7464    0.24%
L2-Store-Misses:         3080585   99.76%
L2-Store-Accesses:       3088049  100.00%

L2-Total-Hits:           7845972   46.15%
L2-Total-Misses:         9155259   53.85%
L2-Total-Accesses:      17001231  100.00%

