--------
Total Statistics
--------
Total Instructions: 8310935042
Total Cycles: 12943379549
IPC: 0.642099

--------
Single level Tlb hierarchy
--------
  Data Tlb:
    Entries:          64
    Page Size(B):   4096
    Associativity:      4

Latencies:    0  150
Tlb-Sets:   16 - LRU - assoc:   4

Tlb Stats:
Tlb-Load-Hits:        1869896240   99.97%
Tlb-Load-Misses:          570876    0.03%
Tlb-Load-Accesses:    1870467116  100.00%

Tlb-Store-Hits:         185876045   99.85%
Tlb-Store-Misses:          279856    0.15%
Tlb-Store-Accesses:     186155901  100.00%

Tlb-Total-Hits:        2055772285   99.96%
Tlb-Total-Misses:          850732    0.04%
Tlb-Total-Accesses:    2056623017  100.00%



--------
Two level Cache hierarchy
--------
  L1-Data Cache:
    Size(KB):          32
    Block Size(B):     64
    Associativity:      8

  L2-Data Cache:
    Size(KB):        1024
    Block Size(B):    128
    Associativity:     16

Latencies:    1   10  250
L1-Sets:   64 - LRU - assoc:   8
L2-Sets:  512 - LRU - assoc:  16
Store_allocation: Yes
L2_inclusive: Yes
L2_prefetching: No

L1 Cache Stats:
L1-Load-Hits:        1848537843   98.83%
L1-Load-Misses:        21929273    1.17%
L1-Load-Accesses:    1870467116  100.00%

L1-Store-Hits:         180660955   97.05%
L1-Store-Misses:         5494946    2.95%
L1-Store-Accesses:     186155901  100.00%

L1-Total-Hits:        2029198798   98.67%
L1-Total-Misses:        27424219    1.33%
L1-Total-Accesses:    2056623017  100.00%

L2 Cache Stats:
L2-Load-Hits:          15952564   72.75%
L2-Load-Misses:         5976709   27.25%
L2-Load-Accesses:      21929273  100.00%

L2-Store-Hits:           2775777   50.52%
L2-Store-Misses:         2719169   49.48%
L2-Store-Accesses:       5494946  100.00%

L2-Total-Hits:          18728341   68.29%
L2-Total-Misses:         8695878   31.71%
L2-Total-Accesses:      27424219  100.00%

