--------
Total Statistics
--------
Total Instructions: 8310935042
Total Cycles: 12823422139
IPC: 0.648106

--------
Single level Tlb hierarchy
--------
  Data Tlb:
    Entries:          64
    Page Size(B):   4096
    Associativity:      4

Latencies:    0  150
Tlb-Sets:   16 - LRU - assoc:   4

Tlb Stats:
Tlb-Load-Hits:        1869902767   99.97%
Tlb-Load-Misses:          564349    0.03%
Tlb-Load-Accesses:    1870467116  100.00%

Tlb-Store-Hits:         185876061   99.85%
Tlb-Store-Misses:          279840    0.15%
Tlb-Store-Accesses:     186155901  100.00%

Tlb-Total-Hits:        2055778828   99.96%
Tlb-Total-Misses:          844189    0.04%
Tlb-Total-Accesses:    2056623017  100.00%



--------
Two level Cache hierarchy
--------
  L1-Data Cache:
    Size(KB):          32
    Block Size(B):     64
    Associativity:      8

  L2-Data Cache:
    Size(KB):        2048
    Block Size(B):     64
    Associativity:     16

Latencies:    1   10  250
L1-Sets:   64 - LRU - assoc:   8
L2-Sets: 2048 - LRU - assoc:  16
Store_allocation: Yes
L2_inclusive: Yes
L2_prefetching: No

L1 Cache Stats:
L1-Load-Hits:        1856552640   99.26%
L1-Load-Misses:        13914476    0.74%
L1-Load-Accesses:    1870467116  100.00%

L1-Store-Hits:         183067954   98.34%
L1-Store-Misses:         3087947    1.66%
L1-Store-Accesses:     186155901  100.00%

L1-Total-Hits:        2039620594   99.17%
L1-Total-Misses:        17002423    0.83%
L1-Total-Accesses:    2056623017  100.00%

L2 Cache Stats:
L2-Load-Hits:           8358143   60.07%
L2-Load-Misses:         5556333   39.93%
L2-Load-Accesses:      13914476  100.00%

L2-Store-Hits:              7434    0.24%
L2-Store-Misses:         3080513   99.76%
L2-Store-Accesses:       3087947  100.00%

L2-Total-Hits:           8365577   49.20%
L2-Total-Misses:         8636846   50.80%
L2-Total-Accesses:      17002423  100.00%

