--------
Total Statistics
--------
Total Instructions: 32491939111
Total Cycles: 64783502276
IPC: 0.501547

--------
Single level Tlb hierarchy
--------
  Data Tlb:
    Entries:          64
    Page Size(B):   4096
    Associativity:      4

Latencies:    0  150
Tlb-Sets:   16 - LRU - assoc:   4

Tlb Stats:
Tlb-Load-Hits:        9177584196   98.96%
Tlb-Load-Misses:        96157213    1.04%
Tlb-Load-Accesses:    9273741409  100.00%

Tlb-Store-Hits:        4829612662   99.77%
Tlb-Store-Misses:        10891994    0.23%
Tlb-Store-Accesses:    4840504656  100.00%

Tlb-Total-Hits:       14007196858   99.24%
Tlb-Total-Misses:       107049207    0.76%
Tlb-Total-Accesses:   14114246065  100.00%



--------
Two level Cache hierarchy
--------
  L1-Data Cache:
    Size(KB):          32
    Block Size(B):     64
    Associativity:      8

  L2-Data Cache:
    Size(KB):        2048
    Block Size(B):    128
    Associativity:     16

Latencies:    1   10  250
L1-Sets:   64 - LRU - assoc:   8
L2-Sets: 1024 - LRU - assoc:  16
Store_allocation: Yes
L2_inclusive: Yes
L2_prefetching: No

L1 Cache Stats:
L1-Load-Hits:        9225681185   99.48%
L1-Load-Misses:        48060224    0.52%
L1-Load-Accesses:    9273741409  100.00%

L1-Store-Hits:        4830878225   99.80%
L1-Store-Misses:         9626431    0.20%
L1-Store-Accesses:    4840504656  100.00%

L1-Total-Hits:       14056559410   99.59%
L1-Total-Misses:        57686655    0.41%
L1-Total-Accesses:   14114246065  100.00%

L2 Cache Stats:
L2-Load-Hits:          43684229   90.89%
L2-Load-Misses:         4375995    9.11%
L2-Load-Accesses:      48060224  100.00%

L2-Store-Hits:           7830148   81.34%
L2-Store-Misses:         1796283   18.66%
L2-Store-Accesses:       9626431  100.00%

L2-Total-Hits:          51514377   89.30%
L2-Total-Misses:         6172278   10.70%
L2-Total-Accesses:      57686655  100.00%

