--------
Total Statistics
--------
Total Instructions: 32491939111
Total Cycles: 55248159396
IPC: 0.588109

--------
Single level Tlb hierarchy
--------
  Data Tlb:
    Entries:          64
    Page Size(B):   4096
    Associativity:      4

Latencies:    0  150
Tlb-Sets:   16 - LRU - assoc:   4

Tlb Stats:
Tlb-Load-Hits:        9250037050   99.74%
Tlb-Load-Misses:        23704359    0.26%
Tlb-Load-Accesses:    9273741409  100.00%

Tlb-Store-Hits:        4830973082   99.80%
Tlb-Store-Misses:         9531574    0.20%
Tlb-Store-Accesses:    4840504656  100.00%

Tlb-Total-Hits:       14081010132   99.76%
Tlb-Total-Misses:        33235933    0.24%
Tlb-Total-Accesses:   14114246065  100.00%



--------
Two level Cache hierarchy
--------
  L1-Data Cache:
    Size(KB):          32
    Block Size(B):     64
    Associativity:      8

  L2-Data Cache:
    Size(KB):        1024
    Block Size(B):     64
    Associativity:      8

Latencies:    1   10  250
L1-Sets:   64 - LRU - assoc:   8
L2-Sets: 2048 - LRU - assoc:   8
Store_allocation: Yes
L2_inclusive: Yes
L2_prefetching: No

L1 Cache Stats:
L1-Load-Hits:        9230959203   99.54%
L1-Load-Misses:        42782206    0.46%
L1-Load-Accesses:    9273741409  100.00%

L1-Store-Hits:        4833036610   99.85%
L1-Store-Misses:         7468046    0.15%
L1-Store-Accesses:    4840504656  100.00%

L1-Total-Hits:       14063995813   99.64%
L1-Total-Misses:        50250252    0.36%
L1-Total-Accesses:   14114246065  100.00%

L2 Cache Stats:
L2-Load-Hits:          34401258   80.41%
L2-Load-Misses:         8380948   19.59%
L2-Load-Accesses:      42782206  100.00%

L2-Store-Hits:           3232667   43.29%
L2-Store-Misses:         4235379   56.71%
L2-Store-Accesses:       7468046  100.00%

L2-Total-Hits:          37633925   74.89%
L2-Total-Misses:        12616327   25.11%
L2-Total-Accesses:      50250252  100.00%

