--------
Total Statistics
--------
Total Instructions: 32491939150
Total Cycles: 56111236737
IPC: 0.579063

--------
Single level Tlb hierarchy
--------
  Data Tlb:
    Entries:          64
    Page Size(B):   4096
    Associativity:      4

Latencies:    0  150
Tlb-Sets:   16 - LRU - assoc:   4

Tlb Stats:
Tlb-Load-Hits:        9250194291   99.75%
Tlb-Load-Misses:        23547130    0.25%
Tlb-Load-Accesses:    9273741421  100.00%

Tlb-Store-Hits:        4831102278   99.81%
Tlb-Store-Misses:         9402378    0.19%
Tlb-Store-Accesses:    4840504656  100.00%

Tlb-Total-Hits:       14081296569   99.77%
Tlb-Total-Misses:        32949508    0.23%
Tlb-Total-Accesses:   14114246077  100.00%



--------
Two level Cache hierarchy
--------
  L1-Data Cache:
    Size(KB):          32
    Block Size(B):     64
    Associativity:      8

  L2-Data Cache:
    Size(KB):         512
    Block Size(B):     64
    Associativity:      8

Latencies:    1   10  250
L1-Sets:   64 - LRU - assoc:   8
L2-Sets: 1024 - LRU - assoc:   8
Store_allocation: Yes
L2_inclusive: Yes
L2_prefetching: No

L1 Cache Stats:
L1-Load-Hits:        9230947238   99.54%
L1-Load-Misses:        42794183    0.46%
L1-Load-Accesses:    9273741421  100.00%

L1-Store-Hits:        4833060258   99.85%
L1-Store-Misses:         7444398    0.15%
L1-Store-Accesses:    4840504656  100.00%

L1-Total-Hits:       14064007496   99.64%
L1-Total-Misses:        50238581    0.36%
L1-Total-Accesses:   14114246077  100.00%

L2 Cache Stats:
L2-Load-Hits:          31301304   73.14%
L2-Load-Misses:        11492879   26.86%
L2-Load-Accesses:      42794183  100.00%

L2-Store-Hits:           2696319   36.22%
L2-Store-Misses:         4748079   63.78%
L2-Store-Accesses:       7444398  100.00%

L2-Total-Hits:          33997623   67.67%
L2-Total-Misses:        16240958   32.33%
L2-Total-Accesses:      50238581  100.00%

