--------
Total Statistics
--------
Total Instructions: 32491939111
Total Cycles: 51899503376
IPC: 0.626055

--------
Single level Tlb hierarchy
--------
  Data Tlb:
    Entries:          64
    Page Size(B):   4096
    Associativity:      4

Latencies:    0  150
Tlb-Sets:   16 - LRU - assoc:   4

Tlb Stats:
Tlb-Load-Hits:        9260672579   99.86%
Tlb-Load-Misses:        13068830    0.14%
Tlb-Load-Accesses:    9273741409  100.00%

Tlb-Store-Hits:        4836117904   99.91%
Tlb-Store-Misses:         4386752    0.09%
Tlb-Store-Accesses:    4840504656  100.00%

Tlb-Total-Hits:       14096790483   99.88%
Tlb-Total-Misses:        17455582    0.12%
Tlb-Total-Accesses:   14114246065  100.00%



--------
Two level Cache hierarchy
--------
  L1-Data Cache:
    Size(KB):          32
    Block Size(B):     64
    Associativity:      8

  L2-Data Cache:
    Size(KB):        1024
    Block Size(B):    128
    Associativity:     16

Latencies:    1   10  250
L1-Sets:   64 - LRU - assoc:   8
L2-Sets:  512 - LRU - assoc:  16
Store_allocation: Yes
L2_inclusive: Yes
L2_prefetching: No

L1 Cache Stats:
L1-Load-Hits:        9223779570   99.46%
L1-Load-Misses:        49961839    0.54%
L1-Load-Accesses:    9273741409  100.00%

L1-Store-Hits:        4830285155   99.79%
L1-Store-Misses:        10219501    0.21%
L1-Store-Accesses:    4840504656  100.00%

L1-Total-Hits:       14054064725   99.57%
L1-Total-Misses:        60181340    0.43%
L1-Total-Accesses:   14114246065  100.00%

L2 Cache Stats:
L2-Load-Hits:          43942364   87.95%
L2-Load-Misses:         6019475   12.05%
L2-Load-Accesses:      49961839  100.00%

L2-Store-Hits:           7946306   77.76%
L2-Store-Misses:         2273195   22.24%
L2-Store-Accesses:      10219501  100.00%

L2-Total-Hits:          51888670   86.22%
L2-Total-Misses:         8292670   13.78%
L2-Total-Accesses:      60181340  100.00%

