--------
Total Statistics
--------
Total Instructions: 32491939111
Total Cycles: 52644928586
IPC: 0.61719

--------
Single level Tlb hierarchy
--------
  Data Tlb:
    Entries:          64
    Page Size(B):   4096
    Associativity:      4

Latencies:    0  150
Tlb-Sets:   16 - LRU - assoc:   4

Tlb Stats:
Tlb-Load-Hits:        9257327514   99.82%
Tlb-Load-Misses:        16413895    0.18%
Tlb-Load-Accesses:    9273741409  100.00%

Tlb-Store-Hits:        4835983341   99.91%
Tlb-Store-Misses:         4521315    0.09%
Tlb-Store-Accesses:    4840504656  100.00%

Tlb-Total-Hits:       14093310855   99.85%
Tlb-Total-Misses:        20935210    0.15%
Tlb-Total-Accesses:   14114246065  100.00%



--------
Two level Cache hierarchy
--------
  L1-Data Cache:
    Size(KB):          32
    Block Size(B):     64
    Associativity:      8

  L2-Data Cache:
    Size(KB):        2048
    Block Size(B):     64
    Associativity:     16

Latencies:    1   10  250
L1-Sets:   64 - LRU - assoc:   8
L2-Sets: 2048 - LRU - assoc:  16
Store_allocation: Yes
L2_inclusive: Yes
L2_prefetching: No

L1 Cache Stats:
L1-Load-Hits:        9230951431   99.54%
L1-Load-Misses:        42789978    0.46%
L1-Load-Accesses:    9273741409  100.00%

L1-Store-Hits:        4833048193   99.85%
L1-Store-Misses:         7456463    0.15%
L1-Store-Accesses:    4840504656  100.00%

L1-Total-Hits:       14063999624   99.64%
L1-Total-Misses:        50246441    0.36%
L1-Total-Accesses:   14114246065  100.00%

L2 Cache Stats:
L2-Load-Hits:          36437194   85.15%
L2-Load-Misses:         6352784   14.85%
L2-Load-Accesses:      42789978  100.00%

L2-Store-Hits:           4225257   56.67%
L2-Store-Misses:         3231206   43.33%
L2-Store-Accesses:       7456463  100.00%

L2-Total-Hits:          40662451   80.93%
L2-Total-Misses:         9583990   19.07%
L2-Total-Accesses:      50246441  100.00%

