--------
Total Statistics
--------
Total Instructions: 32491939111
Total Cycles: 52783631466
IPC: 0.615568

--------
Single level Tlb hierarchy
--------
  Data Tlb:
    Entries:          64
    Page Size(B):   4096
    Associativity:      4

Latencies:    0  150
Tlb-Sets:   16 - LRU - assoc:   4

Tlb Stats:
Tlb-Load-Hits:        9260882967   99.86%
Tlb-Load-Misses:        12858442    0.14%
Tlb-Load-Accesses:    9273741409  100.00%

Tlb-Store-Hits:        4836450382   99.92%
Tlb-Store-Misses:         4054274    0.08%
Tlb-Store-Accesses:    4840504656  100.00%

Tlb-Total-Hits:       14097333349   99.88%
Tlb-Total-Misses:        16912716    0.12%
Tlb-Total-Accesses:   14114246065  100.00%



--------
Two level Cache hierarchy
--------
  L1-Data Cache:
    Size(KB):          32
    Block Size(B):     64
    Associativity:      8

  L2-Data Cache:
    Size(KB):        1024
    Block Size(B):     64
    Associativity:     16

Latencies:    1   10  250
L1-Sets:   64 - LRU - assoc:   8
L2-Sets: 1024 - LRU - assoc:  16
Store_allocation: Yes
L2_inclusive: Yes
L2_prefetching: No

L1 Cache Stats:
L1-Load-Hits:        9230973721   99.54%
L1-Load-Misses:        42767688    0.46%
L1-Load-Accesses:    9273741409  100.00%

L1-Store-Hits:        4833046455   99.85%
L1-Store-Misses:         7458201    0.15%
L1-Store-Accesses:    4840504656  100.00%

L1-Total-Hits:       14064020176   99.64%
L1-Total-Misses:        50225889    0.36%
L1-Total-Accesses:   14114246065  100.00%

L2 Cache Stats:
L2-Load-Hits:          34472116   80.60%
L2-Load-Misses:         8295572   19.40%
L2-Load-Accesses:      42767688  100.00%

L2-Store-Hits:           3200653   42.91%
L2-Store-Misses:         4257548   57.09%
L2-Store-Accesses:       7458201  100.00%

L2-Total-Hits:          37672769   75.01%
L2-Total-Misses:        12553120   24.99%
L2-Total-Accesses:      50225889  100.00%

