--------
Total Statistics
--------
Total Instructions: 32491939150
Total Cycles: 58514443557
IPC: 0.555281

--------
Single level Tlb hierarchy
--------
  Data Tlb:
    Entries:          64
    Page Size(B):   4096
    Associativity:      4

Latencies:    0  150
Tlb-Sets:   16 - LRU - assoc:   4

Tlb Stats:
Tlb-Load-Hits:        9245385169   99.69%
Tlb-Load-Misses:        28356252    0.31%
Tlb-Load-Accesses:    9273741421  100.00%

Tlb-Store-Hits:        4813030470   99.43%
Tlb-Store-Misses:        27474186    0.57%
Tlb-Store-Accesses:    4840504656  100.00%

Tlb-Total-Hits:       14058415639   99.60%
Tlb-Total-Misses:        55830438    0.40%
Tlb-Total-Accesses:   14114246077  100.00%



--------
Two level Cache hierarchy
--------
  L1-Data Cache:
    Size(KB):          32
    Block Size(B):     64
    Associativity:      8

  L2-Data Cache:
    Size(KB):         512
    Block Size(B):    128
    Associativity:      8

Latencies:    1   10  250
L1-Sets:   64 - LRU - assoc:   8
L2-Sets:  512 - LRU - assoc:   8
Store_allocation: Yes
L2_inclusive: Yes
L2_prefetching: No

L1 Cache Stats:
L1-Load-Hits:        9220700742   99.43%
L1-Load-Misses:        53040679    0.57%
L1-Load-Accesses:    9273741421  100.00%

L1-Store-Hits:        4829879872   99.78%
L1-Store-Misses:        10624784    0.22%
L1-Store-Accesses:    4840504656  100.00%

L1-Total-Hits:       14050580614   99.55%
L1-Total-Misses:        63665463    0.45%
L1-Total-Accesses:   14114246077  100.00%

L2 Cache Stats:
L2-Load-Hits:          44001640   82.96%
L2-Load-Misses:         9039039   17.04%
L2-Load-Accesses:      53040679  100.00%

L2-Store-Hits:           8075671   76.01%
L2-Store-Misses:         2549113   23.99%
L2-Store-Accesses:      10624784  100.00%

L2-Total-Hits:          52077311   81.80%
L2-Total-Misses:        11588152   18.20%
L2-Total-Accesses:      63665463  100.00%

