--------
Total Statistics
--------
Total Instructions: 32491939111
Total Cycles: 51664178506
IPC: 0.628907

--------
Single level Tlb hierarchy
--------
  Data Tlb:
    Entries:          64
    Page Size(B):   4096
    Associativity:      4

Latencies:    0  150
Tlb-Sets:   16 - LRU - assoc:   4

Tlb Stats:
Tlb-Load-Hits:        9260405553   99.86%
Tlb-Load-Misses:        13335856    0.14%
Tlb-Load-Accesses:    9273741409  100.00%

Tlb-Store-Hits:        4834676043   99.88%
Tlb-Store-Misses:         5828613    0.12%
Tlb-Store-Accesses:    4840504656  100.00%

Tlb-Total-Hits:       14095081596   99.86%
Tlb-Total-Misses:        19164469    0.14%
Tlb-Total-Accesses:   14114246065  100.00%



--------
Two level Cache hierarchy
--------
  L1-Data Cache:
    Size(KB):          32
    Block Size(B):     64
    Associativity:      8

  L2-Data Cache:
    Size(KB):        1024
    Block Size(B):    256
    Associativity:     16

Latencies:    1   10  250
L1-Sets:   64 - LRU - assoc:   8
L2-Sets:  256 - LRU - assoc:  16
Store_allocation: Yes
L2_inclusive: Yes
L2_prefetching: No

L1 Cache Stats:
L1-Load-Hits:        9224415897   99.47%
L1-Load-Misses:        49325512    0.53%
L1-Load-Accesses:    9273741409  100.00%

L1-Store-Hits:        4831450595   99.81%
L1-Store-Misses:         9054061    0.19%
L1-Store-Accesses:    4840504656  100.00%

L1-Total-Hits:       14055866492   99.59%
L1-Total-Misses:        58379573    0.41%
L1-Total-Accesses:   14114246065  100.00%

L2 Cache Stats:
L2-Load-Hits:          44158978   89.53%
L2-Load-Misses:         5166534   10.47%
L2-Load-Accesses:      49325512  100.00%

L2-Store-Hits:           7822486   86.40%
L2-Store-Misses:         1231575   13.60%
L2-Store-Accesses:       9054061  100.00%

L2-Total-Hits:          51981464   89.04%
L2-Total-Misses:         6398109   10.96%
L2-Total-Accesses:      58379573  100.00%

