--------
Total Statistics
--------
Total Instructions: 32491939111
Total Cycles: 50656996726
IPC: 0.641411

--------
Single level Tlb hierarchy
--------
  Data Tlb:
    Entries:          64
    Page Size(B):   4096
    Associativity:      4

Latencies:    0  150
Tlb-Sets:   16 - LRU - assoc:   4

Tlb Stats:
Tlb-Load-Hits:        9261555623   99.87%
Tlb-Load-Misses:        12185786    0.13%
Tlb-Load-Accesses:    9273741409  100.00%

Tlb-Store-Hits:        4836890832   99.93%
Tlb-Store-Misses:         3613824    0.07%
Tlb-Store-Accesses:    4840504656  100.00%

Tlb-Total-Hits:       14098446455   99.89%
Tlb-Total-Misses:        15799610    0.11%
Tlb-Total-Accesses:   14114246065  100.00%



--------
Two level Cache hierarchy
--------
  L1-Data Cache:
    Size(KB):          32
    Block Size(B):     64
    Associativity:      8

  L2-Data Cache:
    Size(KB):        2048
    Block Size(B):    256
    Associativity:     16

Latencies:    1   10  250
L1-Sets:   64 - LRU - assoc:   8
L2-Sets:  512 - LRU - assoc:  16
Store_allocation: Yes
L2_inclusive: Yes
L2_prefetching: No

L1 Cache Stats:
L1-Load-Hits:        9226642618   99.49%
L1-Load-Misses:        47098791    0.51%
L1-Load-Accesses:    9273741409  100.00%

L1-Store-Hits:        4831771842   99.82%
L1-Store-Misses:         8732814    0.18%
L1-Store-Accesses:    4840504656  100.00%

L1-Total-Hits:       14058414460   99.60%
L1-Total-Misses:        55831605    0.40%
L1-Total-Accesses:   14114246065  100.00%

L2 Cache Stats:
L2-Load-Hits:          43647074   92.67%
L2-Load-Misses:         3451717    7.33%
L2-Load-Accesses:      47098791  100.00%

L2-Store-Hits:           7694315   88.11%
L2-Store-Misses:         1038499   11.89%
L2-Store-Accesses:       8732814  100.00%

L2-Total-Hits:          51341389   91.96%
L2-Total-Misses:         4490216    8.04%
L2-Total-Accesses:      55831605  100.00%

