--------
Total Statistics
--------
Total Instructions: 6594258413
Total Cycles: 9135119504
IPC: 0.721858

--------
Single level Tlb hierarchy
--------
  Data Tlb:
    Entries:          64
    Page Size(B):   4096
    Associativity:      4

Latencies:    0  150
Tlb-Sets:   16 - LRU - assoc:   4

Tlb Stats:
Tlb-Load-Hits:        1667270088   99.97%
Tlb-Load-Misses:          561027    0.03%
Tlb-Load-Accesses:    1667831115  100.00%

Tlb-Store-Hits:         565379613   99.99%
Tlb-Store-Misses:           52823    0.01%
Tlb-Store-Accesses:     565432436  100.00%

Tlb-Total-Hits:        2232649701   99.97%
Tlb-Total-Misses:          613850    0.03%
Tlb-Total-Accesses:    2233263551  100.00%



--------
Two level Cache hierarchy
--------
  L1-Data Cache:
    Size(KB):          32
    Block Size(B):     64
    Associativity:      8

  L2-Data Cache:
    Size(KB):         512
    Block Size(B):    256
    Associativity:      8

Latencies:    1   10  250
L1-Sets:   64 - LRU - assoc:   8
L2-Sets:  256 - LRU - assoc:   8
Store_allocation: Yes
L2_inclusive: Yes
L2_prefetching: No

L1 Cache Stats:
L1-Load-Hits:        1664362575   99.79%
L1-Load-Misses:         3468540    0.21%
L1-Load-Accesses:    1667831115  100.00%

L1-Store-Hits:         564895872   99.91%
L1-Store-Misses:          536564    0.09%
L1-Store-Accesses:     565432436  100.00%

L1-Total-Hits:        2229258447   99.82%
L1-Total-Misses:         4005104    0.18%
L1-Total-Accesses:    2233263551  100.00%

L2 Cache Stats:
L2-Load-Hits:           2865946   82.63%
L2-Load-Misses:          602594   17.37%
L2-Load-Accesses:       3468540  100.00%

L2-Store-Hits:            437282   81.50%
L2-Store-Misses:           99282   18.50%
L2-Store-Accesses:        536564  100.00%

L2-Total-Hits:           3303228   82.48%
L2-Total-Misses:          701876   17.52%
L2-Total-Accesses:       4005104  100.00%

