--------
Total Statistics
--------
Total Instructions: 6594258413
Total Cycles: 9454247004
IPC: 0.697492

--------
Single level Tlb hierarchy
--------
  Data Tlb:
    Entries:          64
    Page Size(B):   4096
    Associativity:      4

Latencies:    0  150
Tlb-Sets:   16 - LRU - assoc:   4

Tlb Stats:
Tlb-Load-Hits:        1667266702   99.97%
Tlb-Load-Misses:          564413    0.03%
Tlb-Load-Accesses:    1667831115  100.00%

Tlb-Store-Hits:         565379654   99.99%
Tlb-Store-Misses:           52782    0.01%
Tlb-Store-Accesses:     565432436  100.00%

Tlb-Total-Hits:        2232646356   99.97%
Tlb-Total-Misses:          617195    0.03%
Tlb-Total-Accesses:    2233263551  100.00%



--------
Two level Cache hierarchy
--------
  L1-Data Cache:
    Size(KB):          32
    Block Size(B):     64
    Associativity:      8

  L2-Data Cache:
    Size(KB):         512
    Block Size(B):     64
    Associativity:      8

Latencies:    1   10  250
L1-Sets:   64 - LRU - assoc:   8
L2-Sets: 1024 - LRU - assoc:   8
Store_allocation: Yes
L2_inclusive: Yes
L2_prefetching: No

L1 Cache Stats:
L1-Load-Hits:        1665231949   99.84%
L1-Load-Misses:         2599166    0.16%
L1-Load-Accesses:    1667831115  100.00%

L1-Store-Hits:         565015573   99.93%
L1-Store-Misses:          416863    0.07%
L1-Store-Accesses:     565432436  100.00%

L1-Total-Hits:        2230247522   99.86%
L1-Total-Misses:         3016029    0.14%
L1-Total-Accesses:    2233263551  100.00%

L2 Cache Stats:
L2-Load-Hits:            975383   37.53%
L2-Load-Misses:         1623783   62.47%
L2-Load-Accesses:       2599166  100.00%

L2-Store-Hits:             24704    5.93%
L2-Store-Misses:          392159   94.07%
L2-Store-Accesses:        416863  100.00%

L2-Total-Hits:           1000087   33.16%
L2-Total-Misses:         2015942   66.84%
L2-Total-Accesses:       3016029  100.00%

