--------
Total Statistics
--------
Total Instructions: 6594258413
Total Cycles: 9196813634
IPC: 0.717016

--------
Single level Tlb hierarchy
--------
  Data Tlb:
    Entries:          64
    Page Size(B):   4096
    Associativity:      4

Latencies:    0  150
Tlb-Sets:   16 - LRU - assoc:   4

Tlb Stats:
Tlb-Load-Hits:        1667286274   99.97%
Tlb-Load-Misses:          544841    0.03%
Tlb-Load-Accesses:    1667831115  100.00%

Tlb-Store-Hits:         565380555   99.99%
Tlb-Store-Misses:           51881    0.01%
Tlb-Store-Accesses:     565432436  100.00%

Tlb-Total-Hits:        2232666829   99.97%
Tlb-Total-Misses:          596722    0.03%
Tlb-Total-Accesses:    2233263551  100.00%



--------
Two level Cache hierarchy
--------
  L1-Data Cache:
    Size(KB):          32
    Block Size(B):     64
    Associativity:      8

  L2-Data Cache:
    Size(KB):        1024
    Block Size(B):    128
    Associativity:     16

Latencies:    1   10  250
L1-Sets:   64 - LRU - assoc:   8
L2-Sets:  512 - LRU - assoc:  16
Store_allocation: Yes
L2_inclusive: Yes
L2_prefetching: No

L1 Cache Stats:
L1-Load-Hits:        1664287630   99.79%
L1-Load-Misses:         3543485    0.21%
L1-Load-Accesses:    1667831115  100.00%

L1-Store-Hits:         564814709   99.89%
L1-Store-Misses:          617727    0.11%
L1-Store-Accesses:     565432436  100.00%

L1-Total-Hits:        2229102339   99.81%
L1-Total-Misses:         4161212    0.19%
L1-Total-Accesses:    2233263551  100.00%

L2 Cache Stats:
L2-Load-Hits:           2785789   78.62%
L2-Load-Misses:          757696   21.38%
L2-Load-Accesses:       3543485  100.00%

L2-Store-Hits:            422738   68.43%
L2-Store-Misses:          194989   31.57%
L2-Store-Accesses:        617727  100.00%

L2-Total-Hits:           3208527   77.11%
L2-Total-Misses:          952685   22.89%
L2-Total-Accesses:       4161212  100.00%

