--------
Total Statistics
--------
Total Instructions: 6594258413
Total Cycles: 9406687174
IPC: 0.701018

--------
Single level Tlb hierarchy
--------
  Data Tlb:
    Entries:          64
    Page Size(B):   4096
    Associativity:      4

Latencies:    0  150
Tlb-Sets:   16 - LRU - assoc:   4

Tlb Stats:
Tlb-Load-Hits:        1667221014   99.96%
Tlb-Load-Misses:          610101    0.04%
Tlb-Load-Accesses:    1667831115  100.00%

Tlb-Store-Hits:         565366021   99.99%
Tlb-Store-Misses:           66415    0.01%
Tlb-Store-Accesses:     565432436  100.00%

Tlb-Total-Hits:        2232587035   99.97%
Tlb-Total-Misses:          676516    0.03%
Tlb-Total-Accesses:    2233263551  100.00%



--------
Two level Cache hierarchy
--------
  L1-Data Cache:
    Size(KB):          32
    Block Size(B):     64
    Associativity:      8

  L2-Data Cache:
    Size(KB):        1024
    Block Size(B):     64
    Associativity:     16

Latencies:    1   10  250
L1-Sets:   64 - LRU - assoc:   8
L2-Sets: 1024 - LRU - assoc:  16
Store_allocation: Yes
L2_inclusive: Yes
L2_prefetching: No

L1 Cache Stats:
L1-Load-Hits:        1665250933   99.85%
L1-Load-Misses:         2580182    0.15%
L1-Load-Accesses:    1667831115  100.00%

L1-Store-Hits:         565017362   99.93%
L1-Store-Misses:          415074    0.07%
L1-Store-Accesses:     565432436  100.00%

L1-Total-Hits:        2230268295   99.87%
L1-Total-Misses:         2995256    0.13%
L1-Total-Accesses:    2233263551  100.00%

L2 Cache Stats:
L2-Load-Hits:           1179481   45.71%
L2-Load-Misses:         1400701   54.29%
L2-Load-Accesses:       2580182  100.00%

L2-Store-Hits:             24834    5.98%
L2-Store-Misses:          390240   94.02%
L2-Store-Accesses:        415074  100.00%

L2-Total-Hits:           1204315   40.21%
L2-Total-Misses:         1790941   59.79%
L2-Total-Accesses:       2995256  100.00%

