--------
Total Statistics
--------
Total Instructions: 6594258413
Total Cycles: 9416415104
IPC: 0.700294

--------
Single level Tlb hierarchy
--------
  Data Tlb:
    Entries:          64
    Page Size(B):   4096
    Associativity:      4

Latencies:    0  150
Tlb-Sets:   16 - LRU - assoc:   4

Tlb Stats:
Tlb-Load-Hits:        1667174724   99.96%
Tlb-Load-Misses:          656391    0.04%
Tlb-Load-Accesses:    1667831115  100.00%

Tlb-Store-Hits:         565338703   99.98%
Tlb-Store-Misses:           93733    0.02%
Tlb-Store-Accesses:     565432436  100.00%

Tlb-Total-Hits:        2232513427   99.97%
Tlb-Total-Misses:          750124    0.03%
Tlb-Total-Accesses:    2233263551  100.00%



--------
Two level Cache hierarchy
--------
  L1-Data Cache:
    Size(KB):          32
    Block Size(B):     64
    Associativity:      8

  L2-Data Cache:
    Size(KB):        2048
    Block Size(B):     64
    Associativity:     16

Latencies:    1   10  250
L1-Sets:   64 - LRU - assoc:   8
L2-Sets: 2048 - LRU - assoc:  16
Store_allocation: Yes
L2_inclusive: Yes
L2_prefetching: No

L1 Cache Stats:
L1-Load-Hits:        1665246463   99.85%
L1-Load-Misses:         2584652    0.15%
L1-Load-Accesses:    1667831115  100.00%

L1-Store-Hits:         565018934   99.93%
L1-Store-Misses:          413502    0.07%
L1-Store-Accesses:     565432436  100.00%

L1-Total-Hits:        2230265397   99.87%
L1-Total-Misses:         2998154    0.13%
L1-Total-Accesses:    2233263551  100.00%

L2 Cache Stats:
L2-Load-Hits:           1188518   45.98%
L2-Load-Misses:         1396134   54.02%
L2-Load-Accesses:       2584652  100.00%

L2-Store-Hits:             24064    5.82%
L2-Store-Misses:          389438   94.18%
L2-Store-Accesses:        413502  100.00%

L2-Total-Hits:           1212582   40.44%
L2-Total-Misses:         1785572   59.56%
L2-Total-Accesses:       2998154  100.00%

