--------
Total Statistics
--------
Total Instructions: 17788912067
Total Cycles: 109643957467
IPC: 0.162243

--------
Single level Tlb hierarchy
--------
  Data Tlb:
    Entries:          64
    Page Size(B):   4096
    Associativity:      4

Latencies:    0  150
Tlb-Sets:   16 - LRU - assoc:   4

Tlb Stats:
Tlb-Load-Hits:        2975262125   98.89%
Tlb-Load-Misses:        33378042    1.11%
Tlb-Load-Accesses:    3008640167  100.00%

Tlb-Store-Hits:         113092768   99.88%
Tlb-Store-Misses:          139155    0.12%
Tlb-Store-Accesses:     113231923  100.00%

Tlb-Total-Hits:        3088354893   98.93%
Tlb-Total-Misses:        33517197    1.07%
Tlb-Total-Accesses:    3121872090  100.00%



--------
Two level Cache hierarchy
--------
  L1-Data Cache:
    Size(KB):          32
    Block Size(B):     64
    Associativity:      8

  L2-Data Cache:
    Size(KB):        2048
    Block Size(B):     64
    Associativity:     16

Latencies:    1   10  250
L1-Sets:   64 - LRU - assoc:   8
L2-Sets: 2048 - LRU - assoc:  16
Store_allocation: Yes
L2_inclusive: Yes
L2_prefetching: No

L1 Cache Stats:
L1-Load-Hits:        2664670723   88.57%
L1-Load-Misses:       343969444   11.43%
L1-Load-Accesses:    3008640167  100.00%

L1-Store-Hits:         112215316   99.10%
L1-Store-Misses:         1016607    0.90%
L1-Store-Accesses:     113231923  100.00%

L1-Total-Hits:        2776886039   88.95%
L1-Total-Misses:       344986051   11.05%
L1-Total-Accesses:    3121872090  100.00%

L2 Cache Stats:
L2-Load-Hits:          23791607    6.92%
L2-Load-Misses:       320177837   93.08%
L2-Load-Accesses:     343969444  100.00%

L2-Store-Hits:            171511   16.87%
L2-Store-Misses:          845096   83.13%
L2-Store-Accesses:       1016607  100.00%

L2-Total-Hits:          23963118    6.95%
L2-Total-Misses:       321022933   93.05%
L2-Total-Accesses:     344986051  100.00%

