--------
Total Statistics
--------
Total Instructions: 17788912067
Total Cycles: 53426029847
IPC: 0.332963

--------
Single level Tlb hierarchy
--------
  Data Tlb:
    Entries:          64
    Page Size(B):   4096
    Associativity:      4

Latencies:    0  150
Tlb-Sets:   16 - LRU - assoc:   4

Tlb Stats:
Tlb-Load-Hits:        2975275547   98.89%
Tlb-Load-Misses:        33364620    1.11%
Tlb-Load-Accesses:    3008640167  100.00%

Tlb-Store-Hits:         113085188   99.87%
Tlb-Store-Misses:          146735    0.13%
Tlb-Store-Accesses:     113231923  100.00%

Tlb-Total-Hits:        3088360735   98.93%
Tlb-Total-Misses:        33511355    1.07%
Tlb-Total-Accesses:    3121872090  100.00%



--------
Two level Cache hierarchy
--------
  L1-Data Cache:
    Size(KB):          32
    Block Size(B):     64
    Associativity:      8

  L2-Data Cache:
    Size(KB):         512
    Block Size(B):    256
    Associativity:      8

Latencies:    1   10  250
L1-Sets:   64 - LRU - assoc:   8
L2-Sets:  256 - LRU - assoc:   8
Store_allocation: Yes
L2_inclusive: Yes
L2_prefetching: No

L1 Cache Stats:
L1-Load-Hits:        2556080252   84.96%
L1-Load-Misses:       452559915   15.04%
L1-Load-Accesses:    3008640167  100.00%

L1-Store-Hits:         111704144   98.65%
L1-Store-Misses:         1527779    1.35%
L1-Store-Accesses:     113231923  100.00%

L1-Total-Hits:        2667784396   85.45%
L1-Total-Misses:       454087694   14.55%
L1-Total-Accesses:    3121872090  100.00%

L2 Cache Stats:
L2-Load-Hits:         361019197   79.77%
L2-Load-Misses:        91540718   20.23%
L2-Load-Accesses:     452559915  100.00%

L2-Store-Hits:           1277835   83.64%
L2-Store-Misses:          249944   16.36%
L2-Store-Accesses:       1527779  100.00%

L2-Total-Hits:         362297032   79.79%
L2-Total-Misses:        91790662   20.21%
L2-Total-Accesses:     454087694  100.00%

