--------
Total Statistics
--------
Total Instructions: 17788912067
Total Cycles: 114201847537
IPC: 0.155767

--------
Single level Tlb hierarchy
--------
  Data Tlb:
    Entries:          64
    Page Size(B):   4096
    Associativity:      4

Latencies:    0  150
Tlb-Sets:   16 - LRU - assoc:   4

Tlb Stats:
Tlb-Load-Hits:        2975291922   98.89%
Tlb-Load-Misses:        33348245    1.11%
Tlb-Load-Accesses:    3008640167  100.00%

Tlb-Store-Hits:         113093429   99.88%
Tlb-Store-Misses:          138494    0.12%
Tlb-Store-Accesses:     113231923  100.00%

Tlb-Total-Hits:        3088385351   98.93%
Tlb-Total-Misses:        33486739    1.07%
Tlb-Total-Accesses:    3121872090  100.00%



--------
Two level Cache hierarchy
--------
  L1-Data Cache:
    Size(KB):          32
    Block Size(B):     64
    Associativity:      8

  L2-Data Cache:
    Size(KB):         512
    Block Size(B):     64
    Associativity:      8

Latencies:    1   10  250
L1-Sets:   64 - LRU - assoc:   8
L2-Sets: 1024 - LRU - assoc:   8
Store_allocation: Yes
L2_inclusive: Yes
L2_prefetching: No

L1 Cache Stats:
L1-Load-Hits:        2664130670   88.55%
L1-Load-Misses:       344509497   11.45%
L1-Load-Accesses:    3008640167  100.00%

L1-Store-Hits:         112215092   99.10%
L1-Store-Misses:         1016831    0.90%
L1-Store-Accesses:     113231923  100.00%

L1-Total-Hits:        2776345762   88.93%
L1-Total-Misses:       345526328   11.07%
L1-Total-Accesses:    3121872090  100.00%

L2 Cache Stats:
L2-Load-Hits:           6209401    1.80%
L2-Load-Misses:       338300096   98.20%
L2-Load-Accesses:     344509497  100.00%

L2-Store-Hits:             65770    6.47%
L2-Store-Misses:          951061   93.53%
L2-Store-Accesses:       1016831  100.00%

L2-Total-Hits:           6275171    1.82%
L2-Total-Misses:       339251157   98.18%
L2-Total-Accesses:     345526328  100.00%

