--------
Total Statistics
--------
Total Instructions: 17788912067
Total Cycles: 52895472927
IPC: 0.336303

--------
Single level Tlb hierarchy
--------
  Data Tlb:
    Entries:          64
    Page Size(B):   4096
    Associativity:      4

Latencies:    0  150
Tlb-Sets:   16 - LRU - assoc:   4

Tlb Stats:
Tlb-Load-Hits:        2975287660   98.89%
Tlb-Load-Misses:        33352507    1.11%
Tlb-Load-Accesses:    3008640167  100.00%

Tlb-Store-Hits:         113093082   99.88%
Tlb-Store-Misses:          138841    0.12%
Tlb-Store-Accesses:     113231923  100.00%

Tlb-Total-Hits:        3088380742   98.93%
Tlb-Total-Misses:        33491348    1.07%
Tlb-Total-Accesses:    3121872090  100.00%



--------
Two level Cache hierarchy
--------
  L1-Data Cache:
    Size(KB):          32
    Block Size(B):     64
    Associativity:      8

  L2-Data Cache:
    Size(KB):        1024
    Block Size(B):    256
    Associativity:      8

Latencies:    1   10  250
L1-Sets:   64 - LRU - assoc:   8
L2-Sets:  512 - LRU - assoc:   8
Store_allocation: Yes
L2_inclusive: Yes
L2_prefetching: No

L1 Cache Stats:
L1-Load-Hits:        2558433910   85.04%
L1-Load-Misses:       450206257   14.96%
L1-Load-Accesses:    3008640167  100.00%

L1-Store-Hits:         111712323   98.66%
L1-Store-Misses:         1519600    1.34%
L1-Store-Accesses:     113231923  100.00%

L1-Total-Hits:        2670146233   85.53%
L1-Total-Misses:       451725857   14.47%
L1-Total-Accesses:    3121872090  100.00%

L2 Cache Stats:
L2-Load-Hits:         360672509   80.11%
L2-Load-Misses:        89533748   19.89%
L2-Load-Accesses:     450206257  100.00%

L2-Store-Hits:           1278436   84.13%
L2-Store-Misses:          241164   15.87%
L2-Store-Accesses:       1519600  100.00%

L2-Total-Hits:         361950945   80.13%
L2-Total-Misses:        89774912   19.87%
L2-Total-Accesses:     451725857  100.00%

