--------
Total Statistics
--------
Total Instructions: 17788912067
Total Cycles: 76021795157
IPC: 0.233998

--------
Single level Tlb hierarchy
--------
  Data Tlb:
    Entries:          64
    Page Size(B):   4096
    Associativity:      4

Latencies:    0  150
Tlb-Sets:   16 - LRU - assoc:   4

Tlb Stats:
Tlb-Load-Hits:        2975222549   98.89%
Tlb-Load-Misses:        33417618    1.11%
Tlb-Load-Accesses:    3008640167  100.00%

Tlb-Store-Hits:         113081140   99.87%
Tlb-Store-Misses:          150783    0.13%
Tlb-Store-Accesses:     113231923  100.00%

Tlb-Total-Hits:        3088303689   98.92%
Tlb-Total-Misses:        33568401    1.08%
Tlb-Total-Accesses:    3121872090  100.00%



--------
Two level Cache hierarchy
--------
  L1-Data Cache:
    Size(KB):          32
    Block Size(B):     64
    Associativity:      8

  L2-Data Cache:
    Size(KB):        1024
    Block Size(B):    128
    Associativity:      8

Latencies:    1   10  250
L1-Sets:   64 - LRU - assoc:   8
L2-Sets: 1024 - LRU - assoc:   8
Store_allocation: Yes
L2_inclusive: Yes
L2_prefetching: No

L1 Cache Stats:
L1-Load-Hits:        2490872012   82.79%
L1-Load-Misses:       517768155   17.21%
L1-Load-Accesses:    3008640167  100.00%

L1-Store-Hits:         111209043   98.21%
L1-Store-Misses:         2022880    1.79%
L1-Store-Accesses:     113231923  100.00%

L1-Total-Hits:        2602081055   83.35%
L1-Total-Misses:       519791035   16.65%
L1-Total-Accesses:    3121872090  100.00%

L2 Cache Stats:
L2-Load-Hits:         338734712   65.42%
L2-Load-Misses:       179033443   34.58%
L2-Load-Accesses:     517768155  100.00%

L2-Store-Hits:           1544961   76.37%
L2-Store-Misses:          477919   23.63%
L2-Store-Accesses:       2022880  100.00%

L2-Total-Hits:         340279673   65.46%
L2-Total-Misses:       179511362   34.54%
L2-Total-Accesses:     519791035  100.00%

