--------
Total Statistics
--------
Total Instructions: 17788912067
Total Cycles: 77029301407
IPC: 0.230937

--------
Single level Tlb hierarchy
--------
  Data Tlb:
    Entries:          64
    Page Size(B):   4096
    Associativity:      4

Latencies:    0  150
Tlb-Sets:   16 - LRU - assoc:   4

Tlb Stats:
Tlb-Load-Hits:        2975231833   98.89%
Tlb-Load-Misses:        33408334    1.11%
Tlb-Load-Accesses:    3008640167  100.00%

Tlb-Store-Hits:         113061397   99.85%
Tlb-Store-Misses:          170526    0.15%
Tlb-Store-Accesses:     113231923  100.00%

Tlb-Total-Hits:        3088293230   98.92%
Tlb-Total-Misses:        33578860    1.08%
Tlb-Total-Accesses:    3121872090  100.00%



--------
Two level Cache hierarchy
--------
  L1-Data Cache:
    Size(KB):          32
    Block Size(B):     64
    Associativity:      8

  L2-Data Cache:
    Size(KB):         512
    Block Size(B):    128
    Associativity:      8

Latencies:    1   10  250
L1-Sets:   64 - LRU - assoc:   8
L2-Sets:  512 - LRU - assoc:   8
Store_allocation: Yes
L2_inclusive: Yes
L2_prefetching: No

L1 Cache Stats:
L1-Load-Hits:        2490735090   82.79%
L1-Load-Misses:       517905077   17.21%
L1-Load-Accesses:    3008640167  100.00%

L1-Store-Hits:         111190250   98.20%
L1-Store-Misses:         2041673    1.80%
L1-Store-Accesses:     113231923  100.00%

L1-Total-Hits:        2601925340   83.35%
L1-Total-Misses:       519946750   16.65%
L1-Total-Accesses:    3121872090  100.00%

L2 Cache Stats:
L2-Load-Hits:         334861872   64.66%
L2-Load-Misses:       183043205   35.34%
L2-Load-Accesses:     517905077  100.00%

L2-Store-Hits:           1555995   76.21%
L2-Store-Misses:          485678   23.79%
L2-Store-Accesses:       2041673  100.00%

L2-Total-Hits:         336417867   64.70%
L2-Total-Misses:       183528883   35.30%
L2-Total-Accesses:     519946750  100.00%

