--------
Total Statistics
--------
Total Instructions: 17788912067
Total Cycles: 52912340417
IPC: 0.336196

--------
Single level Tlb hierarchy
--------
  Data Tlb:
    Entries:          64
    Page Size(B):   4096
    Associativity:      4

Latencies:    0  150
Tlb-Sets:   16 - LRU - assoc:   4

Tlb Stats:
Tlb-Load-Hits:        2975277863   98.89%
Tlb-Load-Misses:        33362304    1.11%
Tlb-Load-Accesses:    3008640167  100.00%

Tlb-Store-Hits:         113061878   99.85%
Tlb-Store-Misses:          170045    0.15%
Tlb-Store-Accesses:     113231923  100.00%

Tlb-Total-Hits:        3088339741   98.93%
Tlb-Total-Misses:        33532349    1.07%
Tlb-Total-Accesses:    3121872090  100.00%



--------
Two level Cache hierarchy
--------
  L1-Data Cache:
    Size(KB):          32
    Block Size(B):     64
    Associativity:      8

  L2-Data Cache:
    Size(KB):        1024
    Block Size(B):    256
    Associativity:     16

Latencies:    1   10  250
L1-Sets:   64 - LRU - assoc:   8
L2-Sets:  256 - LRU - assoc:  16
Store_allocation: Yes
L2_inclusive: Yes
L2_prefetching: No

L1 Cache Stats:
L1-Load-Hits:        2558437469   85.04%
L1-Load-Misses:       450202698   14.96%
L1-Load-Accesses:    3008640167  100.00%

L1-Store-Hits:         111717155   98.66%
L1-Store-Misses:         1514768    1.34%
L1-Store-Accesses:     113231923  100.00%

L1-Total-Hits:        2670154624   85.53%
L1-Total-Misses:       451717466   14.47%
L1-Total-Accesses:    3121872090  100.00%

L2 Cache Stats:
L2-Load-Hits:         360624010   80.10%
L2-Load-Misses:        89578688   19.90%
L2-Load-Accesses:     450202698  100.00%

L2-Store-Hits:           1275339   84.19%
L2-Store-Misses:          239429   15.81%
L2-Store-Accesses:       1514768  100.00%

L2-Total-Hits:         361899349   80.12%
L2-Total-Misses:        89818117   19.88%
L2-Total-Accesses:     451717466  100.00%

