--------
Total Statistics
--------
Total Instructions: 17788912067
Total Cycles: 112687023347
IPC: 0.157861

--------
Single level Tlb hierarchy
--------
  Data Tlb:
    Entries:          64
    Page Size(B):   4096
    Associativity:      4

Latencies:    0  150
Tlb-Sets:   16 - LRU - assoc:   4

Tlb Stats:
Tlb-Load-Hits:        2975137280   98.89%
Tlb-Load-Misses:        33502887    1.11%
Tlb-Load-Accesses:    3008640167  100.00%

Tlb-Store-Hits:         113044002   99.83%
Tlb-Store-Misses:          187921    0.17%
Tlb-Store-Accesses:     113231923  100.00%

Tlb-Total-Hits:        3088181282   98.92%
Tlb-Total-Misses:        33690808    1.08%
Tlb-Total-Accesses:    3121872090  100.00%



--------
Two level Cache hierarchy
--------
  L1-Data Cache:
    Size(KB):          32
    Block Size(B):     64
    Associativity:      8

  L2-Data Cache:
    Size(KB):        1024
    Block Size(B):     64
    Associativity:      8

Latencies:    1   10  250
L1-Sets:   64 - LRU - assoc:   8
L2-Sets: 2048 - LRU - assoc:   8
Store_allocation: Yes
L2_inclusive: Yes
L2_prefetching: No

L1 Cache Stats:
L1-Load-Hits:        2664464813   88.56%
L1-Load-Misses:       344175354   11.44%
L1-Load-Accesses:    3008640167  100.00%

L1-Store-Hits:         112216553   99.10%
L1-Store-Misses:         1015370    0.90%
L1-Store-Accesses:     113231923  100.00%

L1-Total-Hits:        2776681366   88.94%
L1-Total-Misses:       345190724   11.06%
L1-Total-Accesses:    3121872090  100.00%

L2 Cache Stats:
L2-Load-Hits:          12009312    3.49%
L2-Load-Misses:       332166042   96.51%
L2-Load-Accesses:     344175354  100.00%

L2-Store-Hits:             98569    9.71%
L2-Store-Misses:          916801   90.29%
L2-Store-Accesses:       1015370  100.00%

L2-Total-Hits:          12107881    3.51%
L2-Total-Misses:       333082843   96.49%
L2-Total-Accesses:     345190724  100.00%

