--------
Total Statistics
--------
Total Instructions: 17788912067
Total Cycles: 112685937007
IPC: 0.157863

--------
Single level Tlb hierarchy
--------
  Data Tlb:
    Entries:          64
    Page Size(B):   4096
    Associativity:      4

Latencies:    0  150
Tlb-Sets:   16 - LRU - assoc:   4

Tlb Stats:
Tlb-Load-Hits:        2975283160   98.89%
Tlb-Load-Misses:        33357007    1.11%
Tlb-Load-Accesses:    3008640167  100.00%

Tlb-Store-Hits:         113085002   99.87%
Tlb-Store-Misses:          146921    0.13%
Tlb-Store-Accesses:     113231923  100.00%

Tlb-Total-Hits:        3088368162   98.93%
Tlb-Total-Misses:        33503928    1.07%
Tlb-Total-Accesses:    3121872090  100.00%



--------
Two level Cache hierarchy
--------
  L1-Data Cache:
    Size(KB):          32
    Block Size(B):     64
    Associativity:      8

  L2-Data Cache:
    Size(KB):        1024
    Block Size(B):     64
    Associativity:     16

Latencies:    1   10  250
L1-Sets:   64 - LRU - assoc:   8
L2-Sets: 1024 - LRU - assoc:  16
Store_allocation: Yes
L2_inclusive: Yes
L2_prefetching: No

L1 Cache Stats:
L1-Load-Hits:        2664415829   88.56%
L1-Load-Misses:       344224338   11.44%
L1-Load-Accesses:    3008640167  100.00%

L1-Store-Hits:         112214946   99.10%
L1-Store-Misses:         1016977    0.90%
L1-Store-Accesses:     113231923  100.00%

L1-Total-Hits:        2776630775   88.94%
L1-Total-Misses:       345241315   11.06%
L1-Total-Accesses:    3121872090  100.00%

L2 Cache Stats:
L2-Load-Hits:          11948898    3.47%
L2-Load-Misses:       332275440   96.53%
L2-Load-Accesses:     344224338  100.00%

L2-Store-Hits:            103815   10.21%
L2-Store-Misses:          913162   89.79%
L2-Store-Accesses:       1016977  100.00%

L2-Total-Hits:          12052713    3.49%
L2-Total-Misses:       333188602   96.51%
L2-Total-Accesses:     345241315  100.00%

