--------
Total Statistics
--------
Total Instructions: 22767430240
Total Cycles: 31710985316
IPC: 0.717967

--------
Single level Tlb hierarchy
--------
  Data Tlb:
    Entries:          64
    Page Size(B):   4096
    Associativity:      4

Latencies:    0  150
Tlb-Sets:   16 - LRU - assoc:   4

Tlb Stats:
Tlb-Load-Hits:        6704279886  100.00%
Tlb-Load-Misses:           15058    0.00%
Tlb-Load-Accesses:    6704294944  100.00%

Tlb-Store-Hits:        1857031370  100.00%
Tlb-Store-Misses:             342    0.00%
Tlb-Store-Accesses:    1857031712  100.00%

Tlb-Total-Hits:        8561311256  100.00%
Tlb-Total-Misses:           15400    0.00%
Tlb-Total-Accesses:    8561326656  100.00%



--------
Two level Cache hierarchy
--------
  L1-Data Cache:
    Size(KB):          32
    Block Size(B):     64
    Associativity:      8

  L2-Data Cache:
    Size(KB):        1024
    Block Size(B):     64
    Associativity:     16

Latencies:    1   10  250
L1-Sets:   64 - LRU - assoc:   8
L2-Sets: 1024 - LRU - assoc:  16
Store_allocation: Yes
L2_inclusive: Yes
L2_prefetching: No

L1 Cache Stats:
L1-Load-Hits:        6692288163   99.82%
L1-Load-Misses:        12006781    0.18%
L1-Load-Accesses:    6704294944  100.00%

L1-Store-Hits:        1831609226   98.63%
L1-Store-Misses:        25422486    1.37%
L1-Store-Accesses:    1857031712  100.00%

L1-Total-Hits:        8523897389   99.56%
L1-Total-Misses:        37429267    0.44%
L1-Total-Accesses:    8561326656  100.00%

L2 Cache Stats:
L2-Load-Hits:          12004831   99.98%
L2-Load-Misses:            1950    0.02%
L2-Load-Accesses:      12006781  100.00%

L2-Store-Hits:          25401933   99.92%
L2-Store-Misses:           20553    0.08%
L2-Store-Accesses:      25422486  100.00%

L2-Total-Hits:          37406764   99.94%
L2-Total-Misses:           22503    0.06%
L2-Total-Accesses:      37429267  100.00%

