--------
Total Statistics
--------
Total Instructions: 22767430240
Total Cycles: 31712167836
IPC: 0.71794

--------
Single level Tlb hierarchy
--------
  Data Tlb:
    Entries:          64
    Page Size(B):   4096
    Associativity:      4

Latencies:    0  150
Tlb-Sets:   16 - LRU - assoc:   4

Tlb Stats:
Tlb-Load-Hits:        6704294881  100.00%
Tlb-Load-Misses:              63    0.00%
Tlb-Load-Accesses:    6704294944  100.00%

Tlb-Store-Hits:        1857031370  100.00%
Tlb-Store-Misses:             342    0.00%
Tlb-Store-Accesses:    1857031712  100.00%

Tlb-Total-Hits:        8561326251  100.00%
Tlb-Total-Misses:             405    0.00%
Tlb-Total-Accesses:    8561326656  100.00%



--------
Two level Cache hierarchy
--------
  L1-Data Cache:
    Size(KB):          32
    Block Size(B):     64
    Associativity:      8

  L2-Data Cache:
    Size(KB):        2048
    Block Size(B):     64
    Associativity:     16

Latencies:    1   10  250
L1-Sets:   64 - LRU - assoc:   8
L2-Sets: 2048 - LRU - assoc:  16
Store_allocation: Yes
L2_inclusive: Yes
L2_prefetching: No

L1 Cache Stats:
L1-Load-Hits:        6692141525   99.82%
L1-Load-Misses:        12153419    0.18%
L1-Load-Accesses:    6704294944  100.00%

L1-Store-Hits:        1831412362   98.62%
L1-Store-Misses:        25619350    1.38%
L1-Store-Accesses:    1857031712  100.00%

L1-Total-Hits:        8523553887   99.56%
L1-Total-Misses:        37772769    0.44%
L1-Total-Accesses:    8561326656  100.00%

L2 Cache Stats:
L2-Load-Hits:          12151479   99.98%
L2-Load-Misses:            1940    0.02%
L2-Load-Accesses:      12153419  100.00%

L2-Store-Hits:          25598800   99.92%
L2-Store-Misses:           20550    0.08%
L2-Store-Accesses:      25619350  100.00%

L2-Total-Hits:          37750279   99.94%
L2-Total-Misses:           22490    0.06%
L2-Total-Accesses:      37772769  100.00%

