--------
Total Statistics
--------
Total Instructions: 22767430279
Total Cycles: 31728775507
IPC: 0.717564

--------
Single level Tlb hierarchy
--------
  Data Tlb:
    Entries:          64
    Page Size(B):   4096
    Associativity:      4

Latencies:    0  150
Tlb-Sets:   16 - LRU - assoc:   4

Tlb Stats:
Tlb-Load-Hits:        6704169201  100.00%
Tlb-Load-Misses:          125755    0.00%
Tlb-Load-Accesses:    6704294956  100.00%

Tlb-Store-Hits:        1857031370  100.00%
Tlb-Store-Misses:             342    0.00%
Tlb-Store-Accesses:    1857031712  100.00%

Tlb-Total-Hits:        8561200571  100.00%
Tlb-Total-Misses:          126097    0.00%
Tlb-Total-Accesses:    8561326668  100.00%



--------
Two level Cache hierarchy
--------
  L1-Data Cache:
    Size(KB):          32
    Block Size(B):     64
    Associativity:      8

  L2-Data Cache:
    Size(KB):         512
    Block Size(B):    256
    Associativity:      8

Latencies:    1   10  250
L1-Sets:   64 - LRU - assoc:   8
L2-Sets:  256 - LRU - assoc:   8
Store_allocation: Yes
L2_inclusive: Yes
L2_prefetching: No

L1 Cache Stats:
L1-Load-Hits:        6691941790   99.82%
L1-Load-Misses:        12353166    0.18%
L1-Load-Accesses:    6704294956  100.00%

L1-Store-Hits:        1831416077   98.62%
L1-Store-Misses:        25615635    1.38%
L1-Store-Accesses:    1857031712  100.00%

L1-Total-Hits:        8523357867   99.56%
L1-Total-Misses:        37968801    0.44%
L1-Total-Accesses:    8561326668  100.00%

L2 Cache Stats:
L2-Load-Hits:          12352652  100.00%
L2-Load-Misses:             514    0.00%
L2-Load-Accesses:      12353166  100.00%

L2-Store-Hits:          25610485   99.98%
L2-Store-Misses:            5150    0.02%
L2-Store-Accesses:      25615635  100.00%

L2-Total-Hits:          37963137   99.99%
L2-Total-Misses:            5664    0.01%
L2-Total-Accesses:      37968801  100.00%

