--------
Total Statistics
--------
Total Instructions: 22767430240
Total Cycles: 31776135926
IPC: 0.716495

--------
Single level Tlb hierarchy
--------
  Data Tlb:
    Entries:          64
    Page Size(B):   4096
    Associativity:      4

Latencies:    0  150
Tlb-Sets:   16 - LRU - assoc:   4

Tlb Stats:
Tlb-Load-Hits:        6703896166   99.99%
Tlb-Load-Misses:          398778    0.01%
Tlb-Load-Accesses:    6704294944  100.00%

Tlb-Store-Hits:        1857016903  100.00%
Tlb-Store-Misses:           14809    0.00%
Tlb-Store-Accesses:    1857031712  100.00%

Tlb-Total-Hits:        8560913069  100.00%
Tlb-Total-Misses:          413587    0.00%
Tlb-Total-Accesses:    8561326656  100.00%



--------
Two level Cache hierarchy
--------
  L1-Data Cache:
    Size(KB):          32
    Block Size(B):     64
    Associativity:      8

  L2-Data Cache:
    Size(KB):        1024
    Block Size(B):     64
    Associativity:      8

Latencies:    1   10  250
L1-Sets:   64 - LRU - assoc:   8
L2-Sets: 2048 - LRU - assoc:   8
Store_allocation: Yes
L2_inclusive: Yes
L2_prefetching: No

L1 Cache Stats:
L1-Load-Hits:        6691665452   99.81%
L1-Load-Misses:        12629492    0.19%
L1-Load-Accesses:    6704294944  100.00%

L1-Store-Hits:        1831689656   98.64%
L1-Store-Misses:        25342056    1.36%
L1-Store-Accesses:    1857031712  100.00%

L1-Total-Hits:        8523355108   99.56%
L1-Total-Misses:        37971548    0.44%
L1-Total-Accesses:    8561326656  100.00%

L2 Cache Stats:
L2-Load-Hits:          12627544   99.98%
L2-Load-Misses:            1948    0.02%
L2-Load-Accesses:      12629492  100.00%

L2-Store-Hits:          25321502   99.92%
L2-Store-Misses:           20554    0.08%
L2-Store-Accesses:      25342056  100.00%

L2-Total-Hits:          37949046   99.94%
L2-Total-Misses:           22502    0.06%
L2-Total-Accesses:      37971548  100.00%

