--------
Total Statistics
--------
Total Instructions: 22767430240
Total Cycles: 31873309546
IPC: 0.71431

--------
Single level Tlb hierarchy
--------
  Data Tlb:
    Entries:          64
    Page Size(B):   4096
    Associativity:      4

Latencies:    0  150
Tlb-Sets:   16 - LRU - assoc:   4

Tlb Stats:
Tlb-Load-Hits:        6703264505   99.98%
Tlb-Load-Misses:         1030439    0.02%
Tlb-Load-Accesses:    6704294944  100.00%

Tlb-Store-Hits:        1856969497  100.00%
Tlb-Store-Misses:           62215    0.00%
Tlb-Store-Accesses:    1857031712  100.00%

Tlb-Total-Hits:        8560234002   99.99%
Tlb-Total-Misses:         1092654    0.01%
Tlb-Total-Accesses:    8561326656  100.00%



--------
Two level Cache hierarchy
--------
  L1-Data Cache:
    Size(KB):          32
    Block Size(B):     64
    Associativity:      8

  L2-Data Cache:
    Size(KB):        1024
    Block Size(B):    128
    Associativity:     16

Latencies:    1   10  250
L1-Sets:   64 - LRU - assoc:   8
L2-Sets:  512 - LRU - assoc:  16
Store_allocation: Yes
L2_inclusive: Yes
L2_prefetching: No

L1 Cache Stats:
L1-Load-Hits:        6691947934   99.82%
L1-Load-Misses:        12347010    0.18%
L1-Load-Accesses:    6704294944  100.00%

L1-Store-Hits:        1831595317   98.63%
L1-Store-Misses:        25436395    1.37%
L1-Store-Accesses:    1857031712  100.00%

L1-Total-Hits:        8523543251   99.56%
L1-Total-Misses:        37783405    0.44%
L1-Total-Accesses:    8561326656  100.00%

L2 Cache Stats:
L2-Load-Hits:          12346023   99.99%
L2-Load-Misses:             987    0.01%
L2-Load-Accesses:      12347010  100.00%

L2-Store-Hits:          25426100   99.96%
L2-Store-Misses:           10295    0.04%
L2-Store-Accesses:      25436395  100.00%

L2-Total-Hits:          37772123   99.97%
L2-Total-Misses:           11282    0.03%
L2-Total-Accesses:      37783405  100.00%

