--------
Total Statistics
--------
Total Instructions: 22767430279
Total Cycles: 31709193677
IPC: 0.718007

--------
Single level Tlb hierarchy
--------
  Data Tlb:
    Entries:          64
    Page Size(B):   4096
    Associativity:      4

Latencies:    0  150
Tlb-Sets:   16 - LRU - assoc:   4

Tlb Stats:
Tlb-Load-Hits:        6704284895  100.00%
Tlb-Load-Misses:           10061    0.00%
Tlb-Load-Accesses:    6704294956  100.00%

Tlb-Store-Hits:        1857031370  100.00%
Tlb-Store-Misses:             342    0.00%
Tlb-Store-Accesses:    1857031712  100.00%

Tlb-Total-Hits:        8561316265  100.00%
Tlb-Total-Misses:           10403    0.00%
Tlb-Total-Accesses:    8561326668  100.00%



--------
Two level Cache hierarchy
--------
  L1-Data Cache:
    Size(KB):          32
    Block Size(B):     64
    Associativity:      8

  L2-Data Cache:
    Size(KB):         512
    Block Size(B):    128
    Associativity:      8

Latencies:    1   10  250
L1-Sets:   64 - LRU - assoc:   8
L2-Sets:  512 - LRU - assoc:   8
Store_allocation: Yes
L2_inclusive: Yes
L2_prefetching: No

L1 Cache Stats:
L1-Load-Hits:        6692196828   99.82%
L1-Load-Misses:        12098128    0.18%
L1-Load-Accesses:    6704294956  100.00%

L1-Store-Hits:        1831524387   98.63%
L1-Store-Misses:        25507325    1.37%
L1-Store-Accesses:    1857031712  100.00%

L1-Total-Hits:        8523721215   99.56%
L1-Total-Misses:        37605453    0.44%
L1-Total-Accesses:    8561326668  100.00%

L2 Cache Stats:
L2-Load-Hits:          12097139   99.99%
L2-Load-Misses:             989    0.01%
L2-Load-Accesses:      12098128  100.00%

L2-Store-Hits:          25497027   99.96%
L2-Store-Misses:           10298    0.04%
L2-Store-Accesses:      25507325  100.00%

L2-Total-Hits:          37594166   99.97%
L2-Total-Misses:           11287    0.03%
L2-Total-Accesses:      37605453  100.00%

