--------
Total Statistics
--------
Total Instructions: 22767430240
Total Cycles: 31825442446
IPC: 0.715385

--------
Single level Tlb hierarchy
--------
  Data Tlb:
    Entries:          64
    Page Size(B):   4096
    Associativity:      4

Latencies:    0  150
Tlb-Sets:   16 - LRU - assoc:   4

Tlb Stats:
Tlb-Load-Hits:        6703544868   99.99%
Tlb-Load-Misses:          750076    0.01%
Tlb-Load-Accesses:    6704294944  100.00%

Tlb-Store-Hits:        1856968882  100.00%
Tlb-Store-Misses:           62830    0.00%
Tlb-Store-Accesses:    1857031712  100.00%

Tlb-Total-Hits:        8560513750   99.99%
Tlb-Total-Misses:          812906    0.01%
Tlb-Total-Accesses:    8561326656  100.00%



--------
Two level Cache hierarchy
--------
  L1-Data Cache:
    Size(KB):          32
    Block Size(B):     64
    Associativity:      8

  L2-Data Cache:
    Size(KB):        1024
    Block Size(B):    256
    Associativity:     16

Latencies:    1   10  250
L1-Sets:   64 - LRU - assoc:   8
L2-Sets:  256 - LRU - assoc:  16
Store_allocation: Yes
L2_inclusive: Yes
L2_prefetching: No

L1 Cache Stats:
L1-Load-Hits:        6691721959   99.81%
L1-Load-Misses:        12572985    0.19%
L1-Load-Accesses:    6704294944  100.00%

L1-Store-Hits:        1832271357   98.67%
L1-Store-Misses:        24760355    1.33%
L1-Store-Accesses:    1857031712  100.00%

L1-Total-Hits:        8523993316   99.56%
L1-Total-Misses:        37333340    0.44%
L1-Total-Accesses:    8561326656  100.00%

L2 Cache Stats:
L2-Load-Hits:          12572471  100.00%
L2-Load-Misses:             514    0.00%
L2-Load-Accesses:      12572985  100.00%

L2-Store-Hits:          24755204   99.98%
L2-Store-Misses:            5151    0.02%
L2-Store-Accesses:      24760355  100.00%

L2-Total-Hits:          37327675   99.98%
L2-Total-Misses:            5665    0.02%
L2-Total-Accesses:      37333340  100.00%

