--------
Total Statistics
--------
Total Instructions: 22767430240
Total Cycles: 31711316576
IPC: 0.717959

--------
Single level Tlb hierarchy
--------
  Data Tlb:
    Entries:          64
    Page Size(B):   4096
    Associativity:      4

Latencies:    0  150
Tlb-Sets:   16 - LRU - assoc:   4

Tlb Stats:
Tlb-Load-Hits:        6704294896  100.00%
Tlb-Load-Misses:              48    0.00%
Tlb-Load-Accesses:    6704294944  100.00%

Tlb-Store-Hits:        1857031370  100.00%
Tlb-Store-Misses:             342    0.00%
Tlb-Store-Accesses:    1857031712  100.00%

Tlb-Total-Hits:        8561326266  100.00%
Tlb-Total-Misses:             390    0.00%
Tlb-Total-Accesses:    8561326656  100.00%



--------
Two level Cache hierarchy
--------
  L1-Data Cache:
    Size(KB):          32
    Block Size(B):     64
    Associativity:      8

  L2-Data Cache:
    Size(KB):        1024
    Block Size(B):    128
    Associativity:      8

Latencies:    1   10  250
L1-Sets:   64 - LRU - assoc:   8
L2-Sets: 1024 - LRU - assoc:   8
Store_allocation: Yes
L2_inclusive: Yes
L2_prefetching: No

L1 Cache Stats:
L1-Load-Hits:        6691942203   99.82%
L1-Load-Misses:        12352741    0.18%
L1-Load-Accesses:    6704294944  100.00%

L1-Store-Hits:        1831416360   98.62%
L1-Store-Misses:        25615352    1.38%
L1-Store-Accesses:    1857031712  100.00%

L1-Total-Hits:        8523358563   99.56%
L1-Total-Misses:        37968093    0.44%
L1-Total-Accesses:    8561326656  100.00%

L2 Cache Stats:
L2-Load-Hits:          12351755   99.99%
L2-Load-Misses:             986    0.01%
L2-Load-Accesses:      12352741  100.00%

L2-Store-Hits:          25605057   99.96%
L2-Store-Misses:           10295    0.04%
L2-Store-Accesses:      25615352  100.00%

L2-Total-Hits:          37956812   99.97%
L2-Total-Misses:           11281    0.03%
L2-Total-Accesses:      37968093  100.00%

