--------
Total Statistics
--------
Total Instructions: 22767430240
Total Cycles: 31720285706
IPC: 0.717756

--------
Single level Tlb hierarchy
--------
  Data Tlb:
    Entries:          64
    Page Size(B):   4096
    Associativity:      4

Latencies:    0  150
Tlb-Sets:   16 - LRU - assoc:   4

Tlb Stats:
Tlb-Load-Hits:        6704199847  100.00%
Tlb-Load-Misses:           95097    0.00%
Tlb-Load-Accesses:    6704294944  100.00%

Tlb-Store-Hits:        1857031345  100.00%
Tlb-Store-Misses:             367    0.00%
Tlb-Store-Accesses:    1857031712  100.00%

Tlb-Total-Hits:        8561231192  100.00%
Tlb-Total-Misses:           95464    0.00%
Tlb-Total-Accesses:    8561326656  100.00%



--------
Two level Cache hierarchy
--------
  L1-Data Cache:
    Size(KB):          32
    Block Size(B):     64
    Associativity:      8

  L2-Data Cache:
    Size(KB):        2048
    Block Size(B):    256
    Associativity:     16

Latencies:    1   10  250
L1-Sets:   64 - LRU - assoc:   8
L2-Sets:  512 - LRU - assoc:  16
Store_allocation: Yes
L2_inclusive: Yes
L2_prefetching: No

L1 Cache Stats:
L1-Load-Hits:        6692219936   99.82%
L1-Load-Misses:        12075008    0.18%
L1-Load-Accesses:    6704294944  100.00%

L1-Store-Hits:        1831527324   98.63%
L1-Store-Misses:        25504388    1.37%
L1-Store-Accesses:    1857031712  100.00%

L1-Total-Hits:        8523747260   99.56%
L1-Total-Misses:        37579396    0.44%
L1-Total-Accesses:    8561326656  100.00%

L2 Cache Stats:
L2-Load-Hits:          12074498  100.00%
L2-Load-Misses:             510    0.00%
L2-Load-Accesses:      12075008  100.00%

L2-Store-Hits:          25499237   99.98%
L2-Store-Misses:            5151    0.02%
L2-Store-Accesses:      25504388  100.00%

L2-Total-Hits:          37573735   99.98%
L2-Total-Misses:            5661    0.02%
L2-Total-Accesses:      37579396  100.00%

