--------
Total Statistics
--------
Total Instructions: 22767430240
Total Cycles: 31725329256
IPC: 0.717642

--------
Single level Tlb hierarchy
--------
  Data Tlb:
    Entries:          64
    Page Size(B):   4096
    Associativity:      4

Latencies:    0  150
Tlb-Sets:   16 - LRU - assoc:   4

Tlb Stats:
Tlb-Load-Hits:        6704242384  100.00%
Tlb-Load-Misses:           52560    0.00%
Tlb-Load-Accesses:    6704294944  100.00%

Tlb-Store-Hits:        1857031370  100.00%
Tlb-Store-Misses:             342    0.00%
Tlb-Store-Accesses:    1857031712  100.00%

Tlb-Total-Hits:        8561273754  100.00%
Tlb-Total-Misses:           52902    0.00%
Tlb-Total-Accesses:    8561326656  100.00%



--------
Two level Cache hierarchy
--------
  L1-Data Cache:
    Size(KB):          32
    Block Size(B):     64
    Associativity:      8

  L2-Data Cache:
    Size(KB):         512
    Block Size(B):     64
    Associativity:      8

Latencies:    1   10  250
L1-Sets:   64 - LRU - assoc:   8
L2-Sets: 1024 - LRU - assoc:   8
Store_allocation: Yes
L2_inclusive: Yes
L2_prefetching: No

L1 Cache Stats:
L1-Load-Hits:        6691982396   99.82%
L1-Load-Misses:        12312548    0.18%
L1-Load-Accesses:    6704294944  100.00%

L1-Store-Hits:        1831043654   98.60%
L1-Store-Misses:        25988058    1.40%
L1-Store-Accesses:    1857031712  100.00%

L1-Total-Hits:        8523026050   99.55%
L1-Total-Misses:        38300606    0.45%
L1-Total-Accesses:    8561326656  100.00%

L2 Cache Stats:
L2-Load-Hits:          12310587   99.98%
L2-Load-Misses:            1961    0.02%
L2-Load-Accesses:      12312548  100.00%

L2-Store-Hits:          25967495   99.92%
L2-Store-Misses:           20563    0.08%
L2-Store-Accesses:      25988058  100.00%

L2-Total-Hits:          38278082   99.94%
L2-Total-Misses:           22524    0.06%
L2-Total-Accesses:      38300606  100.00%

