                                     | Core 0     | Core 1     | Core 2     | Core 3     | Core 4     | Core 5     | Core 6     | Core 7     | Core 8     | Core 9     | Core 10    | Core 11    | Core 12    | Core 13    | Core 14    | Core 15   
  Instructions                       |     771496 |     758100 |     826536 |     818514 |     825595 |     779474 |     791572 |     692455 |     759461 |     655387 |     792555 |     726491 |     749515 |     747442 |     797562 |     727423
  Cycles                             |     781424 |     781424 |     781424 |     781424 |     781424 |     781424 |     781424 |     781424 |     781424 |     781424 |     781424 |     781424 |     781424 |     781424 |     781424 |     781424
  IPC                                |       0.99 |       0.97 |       1.06 |       1.05 |       1.06 |       1.00 |       1.01 |       0.89 |       0.97 |       0.84 |       1.01 |       0.93 |       0.96 |       0.96 |       1.02 |       0.93
  Time (ns)                          |     293769 |     293769 |     293769 |     293769 |     293769 |     293769 |     293769 |     293769 |     293769 |     293769 |     293769 |     293769 |     293769 |     293769 |     293769 |     293769
  Idle time (ns)                     |     114839 |     116873 |     102659 |     103161 |     102452 |     112831 |     110858 |     132930 |     119105 |     142717 |     111488 |     126906 |     120706 |     121211 |     110693 |     126821
  Idle time (%)                      |      39.1% |      39.8% |      34.9% |      35.1% |      34.9% |      38.4% |      37.7% |      45.2% |      40.5% |      48.6% |      38.0% |      43.2% |      41.1% |      41.3% |      37.7% |      43.2%
Branch predictor stats               |            |            |            |            |            |            |            |            |            |            |            |            |            |            |            |           
  num correct                        |     180245 |     176893 |     194023 |     192012 |     193775 |     182252 |     185272 |     160482 |     177247 |     151232 |     185507 |     168991 |     174747 |     174244 |     186759 |     169239
  num incorrect                      |        134 |        136 |        126 |        133 |        131 |        133 |        127 |        138 |        135 |        131 |        138 |        138 |        138 |        133 |        138 |        133
  misprediction rate                 |      0.07% |      0.08% |      0.06% |      0.07% |      0.07% |      0.07% |      0.07% |      0.09% |      0.08% |      0.09% |      0.07% |      0.08% |      0.08% |      0.08% |      0.07% |      0.08%
  mpki                               |       0.17 |       0.18 |       0.15 |       0.16 |       0.16 |       0.17 |       0.16 |       0.20 |       0.18 |       0.20 |       0.17 |       0.19 |       0.18 |       0.18 |       0.17 |       0.18
TLB Summary                          |            |            |            |            |            |            |            |            |            |            |            |            |            |            |            |           
Cache Summary                        |            |            |            |            |            |            |            |            |            |            |            |            |            |            |            |           
  Cache L1-I                         |            |            |            |            |            |            |            |            |            |            |            |            |            |            |            |           
    num cache accesses               |      11018 |      11023 |      11010 |      11012 |      11022 |      11012 |      11022 |      11022 |      11013 |      11013 |      11022 |      11022 |      11022 |      11012 |      11022 |      11012
    num cache misses                 |         16 |         17 |         15 |         16 |         17 |         16 |         17 |         17 |         16 |         16 |         17 |         17 |         17 |         16 |         17 |         16
    miss rate                        |      0.15% |      0.15% |      0.14% |      0.15% |      0.15% |      0.15% |      0.15% |      0.15% |      0.15% |      0.15% |      0.15% |      0.15% |      0.15% |      0.15% |      0.15% |      0.15%
    mpki                             |       0.02 |       0.02 |       0.02 |       0.02 |       0.02 |       0.02 |       0.02 |       0.02 |       0.02 |       0.02 |       0.02 |       0.02 |       0.02 |       0.02 |       0.02 |       0.02
  Cache L1-D                         |            |            |            |            |            |            |            |            |            |            |            |            |            |            |            |           
    num cache accesses               |     393778 |     387074 |     421310 |     417300 |     420827 |     397780 |     403817 |     354259 |     387773 |     335735 |     404309 |     371277 |     382789 |     381764 |     406813 |     371754
    num cache misses                 |       1637 |       1621 |       1670 |       1735 |       1698 |       1633 |       1651 |       1484 |       1590 |       1392 |       1646 |       1515 |       1575 |       1566 |       1652 |       1500
    miss rate                        |      0.42% |      0.42% |      0.40% |      0.42% |      0.40% |      0.41% |      0.41% |      0.42% |      0.41% |      0.41% |      0.41% |      0.41% |      0.41% |      0.41% |      0.41% |      0.40%
    mpki                             |       2.12 |       2.14 |       2.02 |       2.12 |       2.06 |       2.10 |       2.09 |       2.14 |       2.09 |       2.12 |       2.08 |       2.09 |       2.10 |       2.10 |       2.07 |       2.06
  Cache L2                           |            |            |            |            |            |            |            |            |            |            |            |            |            |            |            |           
    num cache accesses               |       1791 |       1778 |       1838 |       1884 |       1846 |       1809 |       1810 |       1648 |       1754 |       1549 |       1811 |       1673 |       1739 |       1722 |       1823 |       1668
    num cache misses                 |       1653 |       1638 |       1685 |       1751 |       1715 |       1649 |       1668 |       1501 |       1606 |       1408 |       1663 |       1532 |       1592 |       1582 |       1669 |       1516
    miss rate                        |     92.29% |     92.13% |     91.68% |     92.94% |     92.90% |     91.16% |     92.15% |     91.08% |     91.56% |     90.90% |     91.83% |     91.57% |     91.55% |     91.87% |     91.55% |     90.89%
    mpki                             |       2.14 |       2.16 |       2.04 |       2.14 |       2.08 |       2.12 |       2.11 |       2.17 |       2.11 |       2.15 |       2.10 |       2.11 |       2.12 |       2.12 |       2.09 |       2.08
  Cache L3                           |            |            |            |            |            |            |            |            |            |            |            |            |            |            |            |           
    num cache accesses               |       1791 |       1778 |       1838 |       1884 |       1846 |       1809 |       1810 |       1648 |       1754 |       1549 |       1811 |       1673 |       1739 |       1722 |       1823 |       1668
    num cache misses                 |        323 |        304 |        286 |        298 |        287 |        284 |        323 |        304 |        286 |        262 |        320 |        268 |        282 |        270 |        352 |        269
    miss rate                        |     18.03% |     17.10% |     15.56% |     15.82% |     15.55% |     15.70% |     17.85% |     18.45% |     16.31% |     16.91% |     17.67% |     16.02% |     16.22% |     15.68% |     19.31% |     16.13%
    mpki                             |       0.42 |       0.40 |       0.35 |       0.36 |       0.35 |       0.36 |       0.41 |       0.44 |       0.38 |       0.40 |       0.40 |       0.37 |       0.38 |       0.36 |       0.44 |       0.37
DRAM summary                         |            |            |            |            |            |            |            |            |            |            |            |            |            |            |            |           
  num dram accesses                  |         72 |          0 |          0 |          0 |          0 |          0 |          0 |          0 |          0 |          0 |          0 |          0 |          0 |          0 |          0 |          0
  average dram access latency (ns)   |     121.56 |        inf |        inf |        inf |        inf |        inf |        inf |        inf |        inf |        inf |        inf |        inf |        inf |        inf |        inf |        inf
  average dram queueing delay        |      68.13 |       0.00 |       0.00 |       0.00 |       0.00 |       0.00 |       0.00 |       0.00 |       0.00 |       0.00 |       0.00 |       0.00 |       0.00 |       0.00 |       0.00 |       0.00
  average dram bandwidth utilization |      0.00% |      0.00% |      0.00% |      0.00% |      0.00% |      0.00% |      0.00% |      0.00% |      0.00% |      0.00% |      0.00% |      0.00% |      0.00% |      0.00% |      0.00% |      0.00%
Coherency Traffic                    |            |            |            |            |            |            |            |            |            |            |            |            |            |            |            |           
  num loads from dram                |          3 |          7 |          2 |          2 |          4 |          3 |          3 |          2 |          2 |          2 |          2 |          2 |          2 |          2 |          2 |          2
  num loads from dram cache          |          0 |          0 |          0 |          0 |          0 |          0 |          0 |          0 |          0 |          0 |          0 |          0 |          0 |          0 |          0 |          0
  num loads from remote cache        |        242 |        214 |        231 |        231 |        226 |        213 |        250 |        228 |        215 |        176 |        249 |        199 |        209 |        202 |        274 |        197
