Total Instructions: 224117709005

RAS: (Correct - Incorrect)
RAS (1 entries): 6787981971 4036441759
RAS (2 entries): 7959051999 2865371731
RAS (4 entries): 9096344493 1728079237
RAS (8 entries): 10211003168 613420562
RAS (16 entries): 10691103682 133320048
RAS (32 entries): 10740973039 83450691

Branch Predictors: (Name - Correct - Incorrect)
  StaticTakenPredictor: 8865658472 19089849633
  BTFNTPredictor: 21851083949 6104424156
  Pentium-M: 26226374030 1729134075
  LocalHistory-PHT(8K,2)-BHT(4K,4): 26515801496 1439706609
  LocalHistory-PHT(8K,2)-BHT(8K,2): 26363063905 1592444200
  GlobalHistory-PHT(16K,2)-BHR(4): 26588587775 1366920330
  GlobalHistory-PHT(8K,4)-BHR(4): 26599409403 1356098702
  GlobalHistory-PHT(16K,2)-BHR(8): 26649348239 1306159866
  GlobalHistory-PHT(8K,4)-BHR(8): 26428696437 1526811668
  ALPHA-PREDICTORLocalHistory-PHT(1K,3)-BHT(1K,10),GlobalHistory-PHT(4K,2)-BHR(12)): 27155798778 799709327
  Tournament(GlobalHistory-PHT(8192,2)-BHR(4),LocalHistory-PHT(4096,2)-BHT(2048,4)): 26925540083 1022020843
  Tournament(LocalHistory-PHT(8192,1)-BHT(2048,4),LocalHistory-PHT(4096,2)-BHT(2048,4)): 26418754276 1528806650
  Tournament(GlobalHistory-PHT(4096,4)-BHR(4),Nbit-16K-1): 26586693390 1372484327
  Tournament(LocalHistory-PHT(4096,2)-BHT(2048,4),Nbit-16K-1): 26342936921 1616240796

BTB Predictors: (Name - Correct - Incorrect - TargetCorrect)
