                                     | Core 0     | Core 1     | Core 2     | Core 3     | Core 4     | Core 5     | Core 6     | Core 7     | Core 8     | Core 9     | Core 10    | Core 11    | Core 12    | Core 13    | Core 14    | Core 15   
  Instructions                       |    3481935 |    4345837 |    4212705 |    3752304 |    4342837 |    3829321 |    3548041 |    4406842 |    4354849 |    4400893 |    3849341 |    4350841 |    3816309 |    4384877 |    4391885 |    4291785
  Cycles                             |    3019567 |    3019567 |    3019567 |    3019567 |    3019567 |    3019567 |    3019567 |    3019567 |    3019567 |    3019567 |    3019567 |    3019567 |    3019567 |    3019567 |    3019567 |    3019567
  IPC                                |       1.15 |       1.44 |       1.40 |       1.24 |       1.44 |       1.27 |       1.18 |       1.46 |       1.44 |       1.46 |       1.27 |       1.44 |       1.26 |       1.45 |       1.45 |       1.42
  Time (ns)                          |    1135176 |    1135176 |    1135176 |    1135176 |    1135176 |    1135176 |    1135176 |    1135176 |    1135176 |    1135176 |    1135176 |    1135176 |    1135176 |    1135176 |    1135176 |    1135176
  Idle time (ns)                     |     307677 |     116041 |     145841 |     249895 |     117725 |     231739 |     294128 |     101754 |     110755 |     103568 |     223925 |     114263 |     231273 |     105613 |     105096 |     125652
  Idle time (%)                      |      27.1% |      10.2% |      12.8% |      22.0% |      10.4% |      20.4% |      25.9% |       9.0% |       9.8% |       9.1% |      19.7% |      10.1% |      20.4% |       9.3% |       9.3% |      11.1%
Branch predictor stats               |            |            |            |            |            |            |            |            |            |            |            |            |            |            |            |           
  num correct                        |     837205 |    1053180 |    1019897 |     904806 |    1052434 |     924051 |     853731 |    1068451 |    1055433 |    1066944 |     929056 |    1054429 |     920796 |    1062938 |    1064690 |    1039665
  num incorrect                      |        284 |        286 |        286 |        276 |        282 |        286 |        286 |        275 |        286 |        286 |        286 |        288 |        288 |        288 |        288 |        288
  misprediction rate                 |      0.03% |      0.03% |      0.03% |      0.03% |      0.03% |      0.03% |      0.03% |      0.03% |      0.03% |      0.03% |      0.03% |      0.03% |      0.03% |      0.03% |      0.03% |      0.03%
  mpki                               |       0.08 |       0.07 |       0.07 |       0.07 |       0.06 |       0.07 |       0.08 |       0.06 |       0.07 |       0.06 |       0.07 |       0.07 |       0.08 |       0.07 |       0.07 |       0.07
TLB Summary                          |            |            |            |            |            |            |            |            |            |            |            |            |            |            |            |           
Cache Summary                        |            |            |            |            |            |            |            |            |            |            |            |            |            |            |            |           
  Cache L1-I                         |            |            |            |            |            |            |            |            |            |            |            |            |            |            |            |           
    num cache accesses               |      32018 |      32022 |      32022 |      32024 |      32022 |      32022 |      32022 |      32010 |      32022 |      32022 |      32022 |      32022 |      32022 |      32022 |      32022 |      32022
    num cache misses                 |         16 |         17 |         17 |         17 |         17 |         17 |         17 |         15 |         17 |         17 |         17 |         17 |         17 |         17 |         17 |         17
    miss rate                        |      0.05% |      0.05% |      0.05% |      0.05% |      0.05% |      0.05% |      0.05% |      0.05% |      0.05% |      0.05% |      0.05% |      0.05% |      0.05% |      0.05% |      0.05% |      0.05%
    mpki                             |       0.00 |       0.00 |       0.00 |       0.00 |       0.00 |       0.00 |       0.00 |       0.00 |       0.00 |       0.00 |       0.00 |       0.00 |       0.00 |       0.00 |       0.00 |       0.00
  Cache L1-D                         |            |            |            |            |            |            |            |            |            |            |            |            |            |            |            |           
    num cache accesses               |    1770998 |    2202947 |    2136381 |    1906184 |    2201447 |    1944689 |    1804049 |    2233460 |    2207453 |    2230475 |    1954699 |    2205453 |    1938187 |    2222471 |    2225975 |    2175925
    num cache misses                 |       6567 |       8120 |       7846 |       7056 |       8048 |       7164 |       6655 |       8108 |       8093 |       8122 |       7209 |       8072 |       7213 |       8201 |       8155 |       7994
    miss rate                        |      0.37% |      0.37% |      0.37% |      0.37% |      0.37% |      0.37% |      0.37% |      0.36% |      0.37% |      0.36% |      0.37% |      0.37% |      0.37% |      0.37% |      0.37% |      0.37%
    mpki                             |       1.89 |       1.87 |       1.86 |       1.88 |       1.85 |       1.87 |       1.88 |       1.84 |       1.86 |       1.85 |       1.87 |       1.86 |       1.89 |       1.87 |       1.86 |       1.86
  Cache L2                           |            |            |            |            |            |            |            |            |            |            |            |            |            |            |            |           
    num cache accesses               |       7324 |       8856 |       8590 |       7791 |       8791 |       7860 |       7436 |       8836 |       8791 |       8846 |       7970 |       8816 |       7922 |       8902 |       8852 |       8789
    num cache misses                 |       6583 |       8137 |       7863 |       7073 |       8065 |       7181 |       6672 |       8123 |       8110 |       8139 |       7226 |       8089 |       7230 |       8218 |       8172 |       8011
    miss rate                        |     89.88% |     91.88% |     91.54% |     90.78% |     91.74% |     91.36% |     89.73% |     91.93% |     92.25% |     92.01% |     90.66% |     91.75% |     91.26% |     92.32% |     92.32% |     91.15%
    mpki                             |       1.89 |       1.87 |       1.87 |       1.88 |       1.86 |       1.88 |       1.88 |       1.84 |       1.86 |       1.85 |       1.88 |       1.86 |       1.89 |       1.87 |       1.86 |       1.87
  Cache L3                           |            |            |            |            |            |            |            |            |            |            |            |            |            |            |            |           
    num cache accesses               |       7324 |       8856 |       8590 |       7791 |       8791 |       7860 |       7436 |       8836 |       8791 |       8846 |       7970 |       8816 |       7922 |       8902 |       8852 |       8789
    num cache misses                 |        974 |       1288 |       1251 |        970 |       1228 |       1014 |       1038 |       1402 |       1173 |       1167 |       1125 |       1118 |       1105 |       1189 |       1178 |       1239
    miss rate                        |     13.30% |     14.54% |     14.56% |     12.45% |     13.97% |     12.90% |     13.96% |     15.87% |     13.34% |     13.19% |     14.12% |     12.68% |     13.95% |     13.36% |     13.31% |     14.10%
    mpki                             |       0.28 |       0.30 |       0.30 |       0.26 |       0.28 |       0.26 |       0.29 |       0.32 |       0.27 |       0.27 |       0.29 |       0.26 |       0.29 |       0.27 |       0.27 |       0.29
DRAM summary                         |            |            |            |            |            |            |            |            |            |            |            |            |            |            |            |           
  num dram accesses                  |         72 |          0 |          0 |          0 |          0 |          0 |          0 |          0 |          0 |          0 |          0 |          0 |          0 |          0 |          0 |          0
  average dram access latency (ns)   |     119.84 |        inf |        inf |        inf |        inf |        inf |        inf |        inf |        inf |        inf |        inf |        inf |        inf |        inf |        inf |        inf
  average dram queueing delay        |      66.41 |       0.00 |       0.00 |       0.00 |       0.00 |       0.00 |       0.00 |       0.00 |       0.00 |       0.00 |       0.00 |       0.00 |       0.00 |       0.00 |       0.00 |       0.00
  average dram bandwidth utilization |      0.00% |      0.00% |      0.00% |      0.00% |      0.00% |      0.00% |      0.00% |      0.00% |      0.00% |      0.00% |      0.00% |      0.00% |      0.00% |      0.00% |      0.00% |      0.00%
Coherency Traffic                    |            |            |            |            |            |            |            |            |            |            |            |            |            |            |            |           
  num loads from dram                |          2 |          3 |          3 |          5 |          2 |          3 |          2 |          2 |          3 |          2 |          2 |          2 |          2 |          2 |          2 |          2
  num loads from dram cache          |          0 |          0 |          0 |          0 |          0 |          0 |          0 |          0 |          0 |          0 |          0 |          0 |          0 |          0 |          0 |          0
  num loads from remote cache        |        832 |       1147 |       1111 |        834 |       1108 |        888 |        902 |       1263 |       1038 |       1035 |       1005 |        998 |        970 |       1073 |       1056 |       1094
