                                     | Core 0     | Core 1    
  Instructions                       |      87934 |      67030
  Cycles                             |     312328 |     312328
  IPC                                |       0.28 |       0.21
  Time (ns)                          |     117417 |     117417
  Idle time (ns)                     |      97318 |     106148
  Idle time (%)                      |      82.9% |      90.4%
Branch predictor stats               |            |           
  num correct                        |       7459 |       4001
  num incorrect                      |         37 |         13
  misprediction rate                 |      0.49% |      0.32%
  mpki                               |       0.42 |       0.19
TLB Summary                          |            |           
Cache Summary                        |            |           
  Cache L1-I                         |            |           
    num cache accesses               |      11016 |      11021
    num cache misses                 |         14 |         16
    miss rate                        |      0.13% |      0.15%
    mpki                             |       0.16 |       0.24
  Cache L1-D                         |            |           
    num cache accesses               |      51495 |      41047
    num cache misses                 |        139 |        126
    miss rate                        |      0.27% |      0.31%
    mpki                             |       1.58 |       1.88
  Cache L2                           |            |           
    num cache accesses               |        163 |        166
    num cache misses                 |         15 |         14
    miss rate                        |      9.20% |      8.43%
    mpki                             |       0.17 |       0.21
  Cache L3                           |            |           
    num cache accesses               |         16 |         17
    num cache misses                 |         15 |         14
    miss rate                        |     93.75% |     82.35%
    mpki                             |       0.17 |       0.21
DRAM summary                         |            |           
  num dram accesses                  |         28 |          0
  average dram access latency (ns)   |      98.14 |        inf
  average dram queueing delay        |      44.71 |       0.00
  average dram bandwidth utilization |      0.00% |      0.00%
Coherency Traffic                    |            |           
  num loads from dram                |          3 |          5
  num loads from dram cache          |          0 |          0
  num loads from remote cache        |          0 |          0
