                                     | Core 0     | Core 1     | Core 2     | Core 3     | Core 4     | Core 5     | Core 6     | Core 7     | Core 8     | Core 9     | Core 10    | Core 11    | Core 12    | Core 13    | Core 14    | Core 15   
  Instructions                       |   76319210 |   75154359 |   73237444 |   71147354 |   73901172 |   63879098 |   61909196 |   78067269 |   56224478 |   68250480 |   75590862 |   67497757 |   75596804 |   71827102 |   74970244 |   73637865
  Cycles                             |   54325400 |   54325400 |   54325400 |   54325400 |   54325400 |   54325400 |   54325400 |   54325400 |   54325400 |   54325400 |   54325400 |   54325400 |   54325400 |   54325400 |   54325400 |   54325400
  IPC                                |       1.40 |       1.38 |       1.35 |       1.31 |       1.36 |       1.18 |       1.14 |       1.44 |       1.03 |       1.26 |       1.39 |       1.24 |       1.39 |       1.32 |       1.38 |       1.36
  Time (ns)                          |   20423083 |   20423083 |   20423083 |   20423083 |   20423083 |   20423083 |   20423083 |   20423083 |   20423083 |   20423083 |   20423083 |   20423083 |   20423083 |   20423083 |   20423083 |   20423083
  Idle time (ns)                     |     480103 |     857332 |    1330142 |    1800490 |    1140935 |    3588374 |    4105816 |     103113 |    4998916 |    1942213 |     102458 |    2130725 |     101762 |    1046258 |     245083 |     574625
  Idle time (%)                      |       2.4% |       4.2% |       6.5% |       8.8% |       5.6% |      17.6% |      20.1% |       0.5% |      24.5% |       9.5% |       0.5% |      10.4% |       0.5% |       5.1% |       1.2% |       2.8%
Branch predictor stats               |            |            |            |            |            |            |            |            |            |            |            |            |            |            |            |           
  num correct                        |   15096117 |   14863152 |   14479769 |   14061751 |   14612503 |   12608099 |   12214107 |   15445734 |   11077169 |   13482372 |   14950441 |   13331823 |   14951642 |   14197689 |   14826317 |   14559849
  num incorrect                      |        132 |        135 |        135 |        135 |        140 |        136 |        140 |        135 |        136 |        135 |        140 |        138 |        133 |        140 |        140 |        135
  misprediction rate                 |      0.00% |      0.00% |      0.00% |      0.00% |      0.00% |      0.00% |      0.00% |      0.00% |      0.00% |      0.00% |      0.00% |      0.00% |      0.00% |      0.00% |      0.00% |      0.00%
  mpki                               |       0.00 |       0.00 |       0.00 |       0.00 |       0.00 |       0.00 |       0.00 |       0.00 |       0.00 |       0.00 |       0.00 |       0.00 |       0.00 |       0.00 |       0.00 |       0.00
TLB Summary                          |            |            |            |            |            |            |            |            |            |            |            |            |            |            |            |           
Cache Summary                        |            |            |            |            |            |            |            |            |            |            |            |            |            |            |            |           
  Cache L1-I                         |            |            |            |            |            |            |            |            |            |            |            |            |            |            |            |           
    num cache accesses               |     210018 |     210012 |     210012 |     210012 |     210021 |     210012 |     210021 |     210012 |     210012 |     210012 |     210021 |     210016 |     210010 |     210021 |     210021 |     210012
    num cache misses                 |         15 |         15 |         15 |         15 |         15 |         15 |         15 |         15 |         15 |         15 |         15 |         15 |         14 |         15 |         15 |         15
    miss rate                        |      0.01% |      0.01% |      0.01% |      0.01% |      0.01% |      0.01% |      0.01% |      0.01% |      0.01% |      0.01% |      0.01% |      0.01% |      0.01% |      0.01% |      0.01% |      0.01%
    mpki                             |       0.00 |       0.00 |       0.00 |       0.00 |       0.00 |       0.00 |       0.00 |       0.00 |       0.00 |       0.00 |       0.00 |       0.00 |       0.00 |       0.00 |       0.00 |       0.00
  Cache L1-D                         |            |            |            |            |            |            |            |            |            |            |            |            |            |            |            |           
    num cache accesses               |   45911753 |   45212858 |   44062709 |   42808655 |   44460928 |   38447700 |   37265740 |   46960604 |   33854910 |   41070518 |   45474742 |   40618888 |   45478324 |   43216486 |   45102370 |   44302949
    num cache misses                 |     205538 |     198902 |     193318 |     189402 |     196143 |     169603 |     163055 |     209532 |     147770 |     179487 |     198169 |     176894 |     197957 |     188373 |     197161 |     193849
    miss rate                        |      0.45% |      0.44% |      0.44% |      0.44% |      0.44% |      0.44% |      0.44% |      0.45% |      0.44% |      0.44% |      0.44% |      0.44% |      0.44% |      0.44% |      0.44% |      0.44%
    mpki                             |       2.69 |       2.65 |       2.64 |       2.66 |       2.65 |       2.66 |       2.63 |       2.68 |       2.63 |       2.63 |       2.62 |       2.62 |       2.62 |       2.62 |       2.63 |       2.63
  Cache L2                           |            |            |            |            |            |            |            |            |            |            |            |            |            |            |            |           
    num cache accesses               |     205592 |     198962 |     193379 |     189462 |     196208 |     169660 |     163117 |     209591 |     147834 |     179551 |     198227 |     176951 |     198009 |     188435 |     197218 |     193913
    num cache misses                 |     205553 |     198917 |     193333 |     189417 |     196158 |     169618 |     163070 |     209547 |     147785 |     179502 |     198184 |     176909 |     197971 |     188388 |     197176 |     193864
    miss rate                        |     99.98% |     99.98% |     99.98% |     99.98% |     99.97% |     99.98% |     99.97% |     99.98% |     99.97% |     99.97% |     99.98% |     99.98% |     99.98% |     99.98% |     99.98% |     99.97%
    mpki                             |       2.69 |       2.65 |       2.64 |       2.66 |       2.65 |       2.66 |       2.63 |       2.68 |       2.63 |       2.63 |       2.62 |       2.62 |       2.62 |       2.62 |       2.63 |       2.63
  Cache L3                           |            |            |            |            |            |            |            |            |            |            |            |            |            |            |            |           
    num cache accesses               |     205592 |     198962 |     193379 |     189462 |     196208 |     169660 |     163117 |     209591 |     147834 |     179551 |     198227 |     176951 |     198009 |     188435 |     197218 |     193913
    num cache misses                 |     105446 |     103035 |     100014 |      97164 |     101156 |      86732 |      83509 |     109485 |      78929 |      95913 |     104668 |      94173 |     104645 |     100332 |     104558 |     103313
    miss rate                        |     51.29% |     51.79% |     51.72% |     51.28% |     51.56% |     51.12% |     51.20% |     52.24% |     53.39% |     53.42% |     52.80% |     53.22% |     52.85% |     53.24% |     53.02% |     53.28%
    mpki                             |       1.38 |       1.37 |       1.37 |       1.37 |       1.37 |       1.36 |       1.35 |       1.40 |       1.40 |       1.41 |       1.38 |       1.40 |       1.38 |       1.40 |       1.39 |       1.40
DRAM summary                         |            |            |            |            |            |            |            |            |            |            |            |            |            |            |            |           
  num dram accesses                  |         70 |          0 |          0 |          0 |          0 |          0 |          0 |          0 |          0 |          0 |          0 |          0 |          0 |          0 |          0 |          0
  average dram access latency (ns)   |     176.18 |        inf |        inf |        inf |        inf |        inf |        inf |        inf |        inf |        inf |        inf |        inf |        inf |        inf |        inf |        inf
  average dram queueing delay        |     122.75 |       0.00 |       0.00 |       0.00 |       0.00 |       0.00 |       0.00 |       0.00 |       0.00 |       0.00 |       0.00 |       0.00 |       0.00 |       0.00 |       0.00 |       0.00
  average dram bandwidth utilization |      0.00% |      0.00% |      0.00% |      0.00% |      0.00% |      0.00% |      0.00% |      0.00% |      0.00% |      0.00% |      0.00% |      0.00% |      0.00% |      0.00% |      0.00% |      0.00%
Coherency Traffic                    |            |            |            |            |            |            |            |            |            |            |            |            |            |            |            |           
  num loads from dram                |          6 |          2 |          2 |          2 |          3 |          2 |          2 |          2 |          2 |          2 |          2 |          2 |          2 |          2 |          2 |          2
  num loads from dram cache          |          0 |          0 |          0 |          0 |          0 |          0 |          0 |          0 |          0 |          0 |          0 |          0 |          0 |          0 |          0 |          0
  num loads from remote cache        |      49909 |      48425 |      46979 |      45902 |      47459 |      41291 |      39641 |      49925 |      35928 |      43637 |      47690 |      43236 |      47911 |      45917 |      47744 |      46733
