Total Instructions: 187152388637

RAS: (Correct - Incorrect)
RAS (1 entries): 1638346590 219908377
RAS (2 entries): 1759136084 99118883
RAS (4 entries): 1826353640 31901327
RAS (8 entries): 1855068803 3186164
RAS (16 entries): 1858159691 95276
RAS (32 entries): 1858254865 102

Branch Predictors: (Name - Correct - Incorrect)
  StaticTakenPredictor: 14372747215 18904864810
  BTFNTPredictor: 20059641846 13217970179
  Pentium-M: 28587564492 4690047533
  LocalHistory-PHT(8K,2)-BHT(4K,4): 29886329197 3391282828
  LocalHistory-PHT(8K,2)-BHT(8K,2): 28859938194 4417673831
  GlobalHistory-PHT(16K,2)-BHR(4): 29247009848 4030602177
  GlobalHistory-PHT(8K,4)-BHR(4): 29293106545 3984505480
  GlobalHistory-PHT(16K,2)-BHR(8): 30095633226 3181978799
  GlobalHistory-PHT(8K,4)-BHR(8): 29788126755 3489485270
  ALPHA-PREDICTORLocalHistory-PHT(1K,3)-BHT(1K,10),GlobalHistory-PHT(4K,2)-BHR(12)): 30420687198 2856924827

BTB Predictors: (Name - Correct - Incorrect - TargetCorrect)
